[16:06:32.233] Global cache location '/home/robin/.cache/typescript/4.2', safe file path '/home/robin/.config/yarn/global/node_modules/typescript/lib/typingSafeList.json', types map path /home/robin/.config/yarn/global/node_modules/typescript/lib/typesMap.json
[16:06:32.234] Processing cache location '/home/robin/.cache/typescript/4.2'
[16:06:32.234] Trying to find '/home/robin/.cache/typescript/4.2/package.json'...
[16:06:32.243] Loaded content of '/home/robin/.cache/typescript/4.2/package.json': {"private":true,"dependencies":{"types-registry":"^0.1.537"},"devDependencies":{"@types/abbrev":"^1.1.1","@types/accepts":"^1.3.5","@types/ajv-errors":"^1.0.3","@types/ansi-styles":"^3.2.1","@types/anymatch":"^1.3.1","@types/argparse":"^2.0.5","@types/aria-query":"^4.2.1","@types/arr-diff":"^4.0.0","@types/arr-union":"^3.1.0","@types/array-unique":"^0.3.0","@types/array.prototype.flat":"^1.2.1","@types/array.prototype.flatmap":"^1.2.2","@types/asap":"^2.0.0","@types/asn1":"^0.2.0","@types/assert":"^1.5.4","@types/assert-plus":"^1.0.4","@types/async":"^3.2.6","@types/atob":"^2.1.2","@types/aws4":"^1.5.1","@types/babel-plugin-macros":"^2.8.4","@types/babylon":"^6.16.5","@types/balanced-match":"^1.0.1","@types/big.js":"^6.0.2","@types/bl":"^5.0.0","@types/bluebird":"^3.5.33","@types/bn.js":"^5.1.0","@types/body":"^5.1.0","@types/body-parser":"^1.19.0","@types/bonjour":"^3.5.8","@types/boolbase":"^1.0.0","@types/bootstrap":"^5.0.9","@types/brace-expansion":"^1.1.0","@types/braces":"^3.0.0","@types/brorand":"^1.0.30","@types/bser":"^2.0.0","@types/bson":"^4.0.3","@types/buffer-from":"^1.1.0","@types/buffer-xor":"^2.0.0","@types/bytes":"^3.1.0","@types/cacache":"^15.0.0","@types/cacheable-request":"^6.0.1","@types/call-bind":"^1.0.0","@types/caniuse-api":"^3.0.1","@types/caniuse-lite":"^1.0.0","@types/case-sensitive-paths-webpack-plugin":"^2.1.5","@types/caseless":"^0.12.2","@types/change-emitter":"^0.1.2","@types/chart.js":"^2.9.32","@types/check-types":"^7.3.1","@types/chownr":"^1.0.0","@types/cipher-base":"^1.0.0","@types/classnames":"^2.2.11","@types/clean-css":"^4.2.4","@types/clone-deep":"^4.0.1","@types/co":"^4.6.2","@types/color":"^3.0.1","@types/color-convert":"^2.0.0","@types/color-name":"^1.1.1","@types/color-string":"^1.5.0","@types/combined-stream":"^1.0.2","@types/common-tags":"^1.8.0","@types/commondir":"^1.0.0","@types/component-emitter":"^1.2.10","@types/compose-function":"^0.0.30","@types/compressible":"^2.0.0","@types/compression":"^1.7.0","@types/concat-map":"^0.0.0","@types/concat-stream":"^1.6.0","@types/configstore":"^5.0.0","@types/confusing-browser-globals":"^1.0.0","@types/connect-history-api-fallback":"^1.3.4","@types/contains-path":"^1.0.0","@types/content-disposition":"^0.5.3","@types/content-type":"^1.1.3","@types/convert-source-map":"^1.5.1","@types/cookie":"^0.4.0","@types/cookie-signature":"^1.0.3","@types/core-js":"^2.5.4","@types/cors":"^2.8.10","@types/create-hash":"^1.2.2","@types/create-hmac":"^1.1.0","@types/cross-spawn":"^6.0.2","@types/css":"^0.0.31","@types/css-declaration-sorter":"^5.1.0","@types/css-tree":"^1.0.5","@types/cssesc":"^3.0.0","@types/cssnano":"^4.0.0","@types/csso":"^3.5.1","@types/cssom":"^0.4.1","@types/cssstyle":"^2.2.1","@types/d":"^1.0.0","@types/damerau-levenshtein":"^1.0.0","@types/dashdash":"^1.14.0","@types/data-urls":"^2.0.1","@types/debounce":"^1.2.0","@types/debug":"^4.1.5","@types/decode-uri-component":"^0.2.0","@types/dedent":"^0.7.0","@types/deep-equal":"^1.0.1","@types/deep-extend":"^0.4.31","@types/default-gateway":"^3.0.1","@types/define-properties":"^1.1.3","@types/depd":"^1.1.32","@types/destroy":"^1.0.0","@types/detect-node":"^2.0.0","@types/diffie-hellman":"^5.0.0","@types/dir-glob":"^2.0.0","@types/doctrine":"^0.0.3","@types/domexception":"^2.0.1","@types/domhandler":"^2.4.1","@types/domutils":"^1.7.3","@types/dot":"^1.1.4","@types/duplexer3":"^0.1.0","@types/duplexify":"^3.6.0","@types/ee-first":"^1.1.0","@types/ejs":"^3.0.6","@types/elliptic":"^6.4.12","@types/encodeurl":"^1.0.0","@types/end-of-stream":"^1.4.0","@types/enhanced-resolve":"^3.0.6","@types/entities":"^1.1.1","@types/es-abstract":"^1.17.2","@types/es-to-primitive":"^1.2.4","@types/escape-html":"^1.0.0","@types/escodegen":"^0.0.6","@types/eslint":"^7.2.10","@types/eslint-scope":"^3.7.0","@types/eslint-visitor-keys":"^1.0.0","@types/esprima":"^4.0.2","@types/esquery":"^1.0.1","@types/estraverse":"^5.1.0","@types/etag":"^1.8.0","@types/events":"^3.0.0","@types/eventsource":"^1.1.5","@types/exenv":"^1.2.0","@types/exit":"^0.1.31","@types/express":"^4.17.11","@types/extend":"^3.0.1","@types/extsprintf":"^1.4.1","@types/fast-levenshtein":"^0.0.1","@types/fast-text-encoding":"^1.0.1","@types/fb-watchman":"^2.0.0","@types/fbjs":"^3.0.0","@types/file-entry-cache":"^5.0.1","@types/file-loader":"^4.2.1","@types/finalhandler":"^1.1.0","@types/find-cache-dir":"^3.2.0","@types/flat-cache":"^2.0.0","@types/flush-write-stream":"^1.0.0","@types/follow-redirects":"^1.13.0","@types/forever-agent":"^0.6.0","@types/forwarded":"^0.1.0","@types/fresh":"^0.5.0","@types/from2":"^2.3.0","@types/fs-extra":"^9.0.11","@types/function-bind":"^1.1.6","@types/functional-red-black-tree":"^1.0.0","@types/get-caller-file":"^1.0.0","@types/get-intrinsic":"^1.0.0","@types/get-value":"^3.0.1","@types/getpass":"^0.1.0","@types/glob":"^7.1.3","@types/glob-parent":"^5.1.0","@types/global-modules":"^2.0.0","@types/global-prefix":"^3.0.0","@types/googlemaps":"^3.43.3","@types/got":"^9.6.11","@types/graceful-fs":"^4.1.5","@types/has":"^1.0.0","@types/has-symbols":"^1.0.0","@types/he":"^1.1.1","@types/hex-color-regex":"^1.1.0","@types/history":"^4.7.8","@types/hoist-non-react-statics":"^3.3.1","@types/hosted-git-info":"^3.0.1","@types/html-encoding-sniffer":"^2.0.1","@types/html-escaper":"^3.0.0","@types/html-minifier-terser":"^5.1.1","@types/htmlparser2":"^3.10.2","@types/http-cache-semantics":"^4.0.0","@types/http-errors":"^1.8.0","@types/http-proxy":"^1.17.5","@types/hyphenate-style-name":"^1.0.0","@types/icss-utils":"^4.1.0","@types/iferr":"^1.0.2","@types/imurmurhash":"^0.1.1","@types/inherits":"^0.0.30","@types/ini":"^1.3.30","@types/internal-slot":"^1.0.1","@types/invariant":"^2.2.34","@types/ip":"^1.1.0","@types/is-arguments":"^1.0.0","@types/is-buffer":"^2.0.0","@types/is-callable":"^1.1.0","@types/is-ci":"^3.0.0","@types/is-core-module":"^2.2.0","@types/is-date-object":"^1.0.1","@types/is-glob":"^4.0.1","@types/is-number":"^7.0.1","@types/is-regex":"^1.0.0","@types/is-typedarray":"^1.0.0","@types/is-windows":"^1.0.0","@types/isarray":"^2.0.0","@types/isexe":"^2.0.0","@types/isomorphic-fetch":"^0.0.35","@types/isstream":"^0.1.0","@types/istanbul-lib-coverage":"^2.0.3","@types/istanbul-lib-instrument":"^1.7.4","@types/istanbul-lib-report":"^3.0.0","@types/istanbul-lib-source-maps":"^4.0.1","@types/istanbul-reports":"^3.0.0","@types/js-yaml":"^4.0.0","@types/jsbn":"^1.2.29","@types/jsdom":"^16.2.10","@types/jsesc":"^2.5.1","@types/json-bigint":"^1.0.0","@types/json-buffer":"^3.0.0","@types/json-parse-better-errors":"^1.0.0","@types/json-schema":"^7.0.7","@types/json-stringify-safe":"^5.0.0","@types/json3":"^3.3.2","@types/jsonfile":"^6.0.0","@types/jws":"^3.2.3","@types/keyv":"^3.1.1","@types/kind-of":"^6.0.0","@types/language-tags":"^1.0.0","@types/loader-runner":"^2.2.3","@types/loader-utils":"^2.0.2","@types/lodash":"^4.14.168","@types/lodash-es":"^4.17.4","@types/lodash.camelcase":"^4.3.6","@types/lodash.clonedeep":"^4.5.6","@types/lodash.debounce":"^4.0.6","@types/lodash.flatten":"^4.4.6","@types/lodash.memoize":"^4.1.6","@types/lodash.once":"^4.1.6","@types/lodash.sortby":"^4.7.6","@types/lodash.template":"^4.5.0","@types/lodash.throttle":"^4.1.6","@types/lodash.truncate":"^4.4.6","@types/lodash.uniq":"^4.5.6","@types/long":"^4.0.1","@types/lru-cache":"^5.1.0","@types/lz-string":"^1.3.34","@types/media-typer":"^1.1.0","@types/memory-fs":"^0.3.3","@types/memory-pager":"^1.4.0","@types/merge-descriptors":"^1.0.1","@types/merge-stream":"^1.1.2","@types/merge2":"^1.3.0","@types/methods":"^1.1.1","@types/micromatch":"^4.0.1","@types/mime":"^2.0.3","@types/mime-db":"^1.43.0","@types/mime-types":"^2.1.0","@types/min-indent":"^1.0.0","@types/mini-css-extract-plugin":"^1.4.1","@types/minimalistic-assert":"^1.0.1","@types/minimatch":"^3.0.4","@types/minimist":"^1.2.1","@types/minipass":"^2.2.0","@types/minizlib":"^2.1.1","@types/mkdirp":"^1.0.1","@types/mongodb":"^3.6.12","@types/move-concurrently":"^1.0.2","@types/ms":"^0.7.31","@types/natural-compare":"^1.4.0","@types/negotiator":"^0.6.1","@types/next-tick":"^1.0.0","@types/nice-try":"^2.1.0","@types/node-fetch":"^2.5.10","@types/node-forge":"^0.9.7","@types/node-int64":"^0.4.29","@types/node-notifier":"^8.0.0","@types/nodemon":"^1.19.0","@types/nopt":"^3.0.29","@types/normalize-package-data":"^2.4.0","@types/normalize-path":"^3.0.0","@types/num2fraction":"^1.2.0","@types/nwsapi":"^2.2.1","@types/object-assign":"^4.0.30","@types/object-inspect":"^1.8.0","@types/object-keys":"^1.0.1","@types/object.fromentries":"^2.0.0","@types/object.getownpropertydescriptors":"^2.1.1","@types/object.pick":"^1.3.1","@types/on-finished":"^2.3.1","@types/on-headers":"^1.0.0","@types/once":"^1.4.0","@types/optimize-css-assets-webpack-plugin":"^5.0.3","@types/original":"^1.0.0","@types/pako":"^1.0.1","@types/parallel-transform":"^1.1.0","@types/parse-json":"^4.0.0","@types/parse5":"^6.0.0","@types/parseurl":"^1.3.1","@types/pascalcase":"^1.0.0","@types/path-is-absolute":"^1.0.0","@types/path-is-inside":"^1.0.0","@types/path-parse":"^1.0.19","@types/pbkdf2":"^3.1.0","@types/picomatch":"^2.2.2","@types/pify":"^5.0.0","@types/postcss-calc":"^7.0.0","@types/postcss-custom-properties":"^9.1.0","@types/postcss-flexbugs-fixes":"^4.2.0","@types/postcss-focus-within":"^4.0.0","@types/postcss-gap-properties":"^2.0.0","@types/postcss-load-config":"^2.0.1","@types/postcss-modules-extract-imports":"^2.0.0","@types/postcss-modules-local-by-default":"^1.2.0","@types/postcss-modules-scope":"^1.1.0","@types/postcss-modules-values":"^3.0.0","@types/postcss-normalize":"^9.0.0","@types/postcss-preset-env":"^6.7.2","@types/postcss-safe-parser":"^4.0.0","@types/prelude-ls":"^1.1.29","@types/progress":"^2.0.3","@types/promise-inflight":"^1.0.0","@types/promise-polyfill":"^6.0.3","@types/prompts":"^2.0.10","@types/prop-types":"^15.7.3","@types/proxy-addr":"^2.0.0","@types/psl":"^1.1.0","@types/pump":"^1.1.1","@types/pumpify":"^1.4.1","@types/punycode":"^2.1.0","@types/q":"^1.5.4","@types/qs":"^6.9.6","@types/querystringify":"^2.0.0","@types/raf":"^3.4.0","@types/randombytes":"^2.0.0","@types/range-parser":"^1.2.3","@types/rc":"^1.1.0","@types/react":"^17.0.3","@types/react-calendar":"^3.1.4","@types/react-dev-utils":"^9.0.5","@types/react-dom":"^17.0.3","@types/react-event-listener":"^0.4.12","@types/react-is":"^17.0.0","@types/react-lifecycles-compat":"^3.0.1","@types/react-modal":"^3.12.0","@types/react-numeric-input":"^2.2.3","@types/react-router":"^5.1.13","@types/react-router-dom":"^5.1.7","@types/react-scroll":"^1.8.2","@types/react-text-mask":"^5.4.7","@types/react-transition-group":"^4.4.1","@types/readable-stream":"^2.3.9","@types/recompose":"^0.30.7","@types/recursive-readdir":"^2.2.0","@types/regenerate":"^1.4.0","@types/regenerator-runtime":"^0.13.0","@types/registry-auth-token":"^4.2.0","@types/relateurl":"^0.2.28","@types/repeat-element":"^1.1.0","@types/repeat-string":"^1.6.0","@types/request":"^2.48.5","@types/request-promise-native":"^1.0.17","@types/require-directory":"^2.1.1","@types/require-from-string":"^1.2.0","@types/requires-port":"^1.0.0","@types/resolve":"^1.20.0","@types/responselike":"^1.0.0","@types/retry":"^0.12.0","@types/rimraf":"^3.0.0","@types/ripemd160":"^2.0.0","@types/rsvp":"^4.0.3","@types/run-parallel":"^1.1.0","@types/safe-regex":"^1.1.2","@types/safer-buffer":"^2.1.0","@types/sane":"^2.0.0","@types/saslprep":"^1.0.0","@types/sass-loader":"^8.0.1","@types/sax":"^1.2.1","@types/scheduler":"^0.16.1","@types/semver":"^7.3.4","@types/send":"^0.14.7","@types/serialize-javascript":"^5.0.0","@types/serve-index":"^1.7.30","@types/serve-static":"^1.13.9","@types/set-value":"^2.0.0","@types/setimmediate":"^1.0.2","@types/sha.js":"^2.4.0","@types/shebang-command":"^1.2.0","@types/shell-quote":"^1.7.0","@types/signal-exit":"^3.0.0","@types/slice-ansi":"^4.0.0","@types/sockjs":"^0.3.32","@types/sockjs-client":"^1.5.0","@types/source-list-map":"^0.1.2","@types/source-map-support":"^0.5.3","@types/sparse-bitfield":"^3.0.0","@types/spdx-correct":"^2.0.0","@types/spdx-expression-parse":"^3.0.0","@types/spdy":"^3.4.4","@types/sprintf":"^0.1.0","@types/sprintf-js":"^1.1.2","@types/sshpk":"^1.10.5","@types/ssri":"^7.1.0","@types/stack-utils":"^2.0.0","@types/statuses":"^2.0.0","@types/stream-each":"^1.2.0","@types/stream-shift":"^1.0.0","@types/strict-uri-encode":"^2.0.0","@types/string-natural-compare":"^3.0.0","@types/string.prototype.matchall":"^4.0.0","@types/stringify-object":"^3.3.0","@types/strip-comments":"^2.0.0","@types/supports-color":"^8.1.0","@types/svg-parser":"^2.0.1","@types/svgo":"^2.3.0","@types/symbol-tree":"^3.2.1","@types/tabbable":"^3.1.0","@types/table":"^6.0.0","@types/tapable":"^2.2.2","@types/tar":"^4.0.4","@types/terser-webpack-plugin":"^5.0.3","@types/testing-library__jest-dom":"^5.9.5","@types/text-table":"^0.2.1","@types/through2":"^2.0.36","@types/timsort":"^0.3.0","@types/touch":"^3.1.1","@types/tough-cookie":"^4.0.0","@types/tryer":"^1.0.1","@types/type-check":"^0.3.27","@types/type-detect":"^4.0.1","@types/type-is":"^1.6.3","@types/ua-parser-js":"^0.7.35","@types/uniq":"^0.0.27","@types/universalify":"^1.0.0","@types/update-notifier":"^5.0.0","@types/urix":"^0.1.0","@types/url-parse":"^1.4.3","@types/util-deprecate":"^1.0.0","@types/util.promisify":"^1.0.4","@types/utils-merge":"^0.0.28","@types/uuid":"^8.3.0","@types/validate-npm-package-license":"^3.0.0","@types/vary":"^1.1.0","@types/verror":"^1.10.4","@types/w3c-hr-time":"^1.0.0","@types/w3c-xmlserializer":"^2.0.1","@types/warning":"^3.0.0","@types/watchpack":"^1.1.6","@types/webidl-conversions":"^6.1.0","@types/webpack":"^5.28.0","@types/webpack-dev-middleware":"^4.1.2","@types/webpack-dev-server":"^3.11.3","@types/webpack-manifest-plugin":"^3.0.4","@types/webpack-sources":"^2.1.0","@types/whatwg-encoding":"^1.0.0","@types/whatwg-mimetype":"^2.1.0","@types/whatwg-url":"^8.2.0","@types/which":"^2.0.0","@types/workbox-build":"^5.0.0","@types/workbox-sw":"^4.3.1","@types/workbox-webpack-plugin":"^5.1.6","@types/wrap-ansi":"^3.0.0","@types/write-file-atomic":"^3.0.1","@types/ws":"^7.4.1","@types/xtend":"^4.0.3","@types/y18n":"^4.0.0","@types/yallist":"^3.0.1","@types/yargs":"^16.0.1","@types/yargs-parser":"^20.2.0"}}
[16:06:32.244] Loaded content of '/home/robin/.cache/typescript/4.2/package-lock.json'
[16:06:32.254] Adding entry into typings cache: 'abbrev' => '/home/robin/.cache/typescript/4.2/node_modules/@types/abbrev/index.d.ts'
[16:06:32.257] Adding entry into typings cache: 'accepts' => '/home/robin/.cache/typescript/4.2/node_modules/@types/accepts/index.d.ts'
[16:06:32.259] Adding entry into typings cache: 'ajv-errors' => '/home/robin/.cache/typescript/4.2/node_modules/@types/ajv-errors/index.d.ts'
[16:06:32.262] Adding entry into typings cache: 'ansi-styles' => '/home/robin/.cache/typescript/4.2/node_modules/ansi-styles/index.d.ts'
[16:06:32.265] Adding entry into typings cache: 'anymatch' => '/home/robin/.cache/typescript/4.2/node_modules/@types/anymatch/index.d.ts'
[16:06:32.268] Adding entry into typings cache: 'argparse' => '/home/robin/.cache/typescript/4.2/node_modules/@types/argparse/index.d.ts'
[16:06:32.269] Adding entry into typings cache: 'aria-query' => '/home/robin/.cache/typescript/4.2/node_modules/@types/aria-query/index.d.ts'
[16:06:32.278] Adding entry into typings cache: 'arr-diff' => '/home/robin/.cache/typescript/4.2/node_modules/@types/arr-diff/index.d.ts'
[16:06:32.283] Adding entry into typings cache: 'arr-union' => '/home/robin/.cache/typescript/4.2/node_modules/@types/arr-union/index.d.ts'
[16:06:32.287] Adding entry into typings cache: 'array-unique' => '/home/robin/.cache/typescript/4.2/node_modules/@types/array-unique/index.d.ts'
[16:06:32.289] Adding entry into typings cache: 'array.prototype.flat' => '/home/robin/.cache/typescript/4.2/node_modules/@types/array.prototype.flat/index.d.ts'
[16:06:32.291] Adding entry into typings cache: 'array.prototype.flatmap' => '/home/robin/.cache/typescript/4.2/node_modules/@types/array.prototype.flatmap/index.d.ts'
[16:06:32.293] Adding entry into typings cache: 'asap' => '/home/robin/.cache/typescript/4.2/node_modules/@types/asap/index.d.ts'
[16:06:32.295] Adding entry into typings cache: 'asn1' => '/home/robin/.cache/typescript/4.2/node_modules/@types/asn1/index.d.ts'
[16:06:32.297] Adding entry into typings cache: 'assert' => '/home/robin/.cache/typescript/4.2/node_modules/@types/assert/index.d.ts'
[16:06:32.309] Adding entry into typings cache: 'assert-plus' => '/home/robin/.cache/typescript/4.2/node_modules/@types/assert-plus/index.d.ts'
[16:06:32.312] Adding entry into typings cache: 'async' => '/home/robin/.cache/typescript/4.2/node_modules/@types/async/index.d.ts'
[16:06:32.314] Adding entry into typings cache: 'atob' => '/home/robin/.cache/typescript/4.2/node_modules/@types/atob/index.d.ts'
[16:06:32.318] Adding entry into typings cache: 'aws4' => '/home/robin/.cache/typescript/4.2/node_modules/@types/aws4/index.d.ts'
[16:06:32.320] Adding entry into typings cache: 'babel-plugin-macros' => '/home/robin/.cache/typescript/4.2/node_modules/@types/babel-plugin-macros/index.d.ts'
[16:06:32.322] Adding entry into typings cache: 'babylon' => '/home/robin/.cache/typescript/4.2/node_modules/@types/babylon/index.d.ts'
[16:06:32.324] Adding entry into typings cache: 'balanced-match' => '/home/robin/.cache/typescript/4.2/node_modules/@types/balanced-match/index.d.ts'
[16:06:32.328] Adding entry into typings cache: 'big.js' => '/home/robin/.cache/typescript/4.2/node_modules/@types/big.js/index.d.ts'
[16:06:32.330] Adding entry into typings cache: 'bl' => '/home/robin/.cache/typescript/4.2/node_modules/@types/bl/index.d.ts'
[16:06:32.334] Adding entry into typings cache: 'bluebird' => '/home/robin/.cache/typescript/4.2/node_modules/@types/bluebird/index.d.ts'
[16:06:32.337] Adding entry into typings cache: 'bn.js' => '/home/robin/.cache/typescript/4.2/node_modules/@types/bn.js/index.d.ts'
[16:06:32.338] Adding entry into typings cache: 'body' => '/home/robin/.cache/typescript/4.2/node_modules/@types/body/index.d.ts'
[16:06:32.341] Adding entry into typings cache: 'body-parser' => '/home/robin/.cache/typescript/4.2/node_modules/@types/body-parser/index.d.ts'
[16:06:32.346] Adding entry into typings cache: 'bonjour' => '/home/robin/.cache/typescript/4.2/node_modules/@types/bonjour/index.d.ts'
[16:06:32.347] Adding entry into typings cache: 'boolbase' => '/home/robin/.cache/typescript/4.2/node_modules/@types/boolbase/index.d.ts'
[16:06:32.349] Adding entry into typings cache: 'bootstrap' => '/home/robin/.cache/typescript/4.2/node_modules/@types/bootstrap/index.d.ts'
[16:06:32.350] Adding entry into typings cache: 'brace-expansion' => '/home/robin/.cache/typescript/4.2/node_modules/@types/brace-expansion/index.d.ts'
[16:06:32.354] Adding entry into typings cache: 'braces' => '/home/robin/.cache/typescript/4.2/node_modules/@types/braces/index.d.ts'
[16:06:32.355] Adding entry into typings cache: 'brorand' => '/home/robin/.cache/typescript/4.2/node_modules/@types/brorand/index.d.ts'
[16:06:32.357] Adding entry into typings cache: 'bser' => '/home/robin/.cache/typescript/4.2/node_modules/@types/bser/index.d.ts'
[16:06:32.358] Adding entry into typings cache: 'bson' => '/home/robin/.cache/typescript/4.2/node_modules/@types/bson/index.d.ts'
[16:06:32.360] Adding entry into typings cache: 'buffer-from' => '/home/robin/.cache/typescript/4.2/node_modules/@types/buffer-from/index.d.ts'
[16:06:32.361] Adding entry into typings cache: 'buffer-xor' => '/home/robin/.cache/typescript/4.2/node_modules/@types/buffer-xor/index.d.ts'
[16:06:32.366] Adding entry into typings cache: 'bytes' => '/home/robin/.cache/typescript/4.2/node_modules/@types/bytes/index.d.ts'
[16:06:32.367] Adding entry into typings cache: 'cacache' => '/home/robin/.cache/typescript/4.2/node_modules/@types/cacache/index.d.ts'
[16:06:32.369] Adding entry into typings cache: 'cacheable-request' => '/home/robin/.cache/typescript/4.2/node_modules/@types/cacheable-request/index.d.ts'
[16:06:32.370] Adding entry into typings cache: 'call-bind' => '/home/robin/.cache/typescript/4.2/node_modules/@types/call-bind/index.d.ts'
[16:06:32.372] Adding entry into typings cache: 'caniuse-api' => '/home/robin/.cache/typescript/4.2/node_modules/@types/caniuse-api/index.d.ts'
[16:06:32.374] Adding entry into typings cache: 'caniuse-lite' => '/home/robin/.cache/typescript/4.2/node_modules/@types/caniuse-lite/index.d.ts'
[16:06:32.375] Adding entry into typings cache: 'case-sensitive-paths-webpack-plugin' => '/home/robin/.cache/typescript/4.2/node_modules/@types/case-sensitive-paths-webpack-plugin/index.d.ts'
[16:06:32.377] Adding entry into typings cache: 'caseless' => '/home/robin/.cache/typescript/4.2/node_modules/@types/caseless/index.d.ts'
[16:06:32.378] Adding entry into typings cache: 'change-emitter' => '/home/robin/.cache/typescript/4.2/node_modules/@types/change-emitter/index.d.ts'
[16:06:32.383] Adding entry into typings cache: 'chart.js' => '/home/robin/.cache/typescript/4.2/node_modules/@types/chart.js/index.d.ts'
[16:06:32.385] Adding entry into typings cache: 'check-types' => '/home/robin/.cache/typescript/4.2/node_modules/@types/check-types/index.d.ts'
[16:06:32.386] Adding entry into typings cache: 'chownr' => '/home/robin/.cache/typescript/4.2/node_modules/@types/chownr/index.d.ts'
[16:06:32.387] Adding entry into typings cache: 'cipher-base' => '/home/robin/.cache/typescript/4.2/node_modules/@types/cipher-base/index.d.ts'
[16:06:32.389] Adding entry into typings cache: 'classnames' => '/home/robin/.cache/typescript/4.2/node_modules/@types/classnames/index.d.ts'
[16:06:32.391] Adding entry into typings cache: 'clean-css' => '/home/robin/.cache/typescript/4.2/node_modules/@types/clean-css/index.d.ts'
[16:06:32.392] Adding entry into typings cache: 'clone-deep' => '/home/robin/.cache/typescript/4.2/node_modules/@types/clone-deep/index.d.ts'
[16:06:32.393] Adding entry into typings cache: 'co' => '/home/robin/.cache/typescript/4.2/node_modules/@types/co/index.d.ts'
[16:06:32.395] Adding entry into typings cache: 'color' => '/home/robin/.cache/typescript/4.2/node_modules/@types/color/index.d.ts'
[16:06:32.398] Adding entry into typings cache: 'color-convert' => '/home/robin/.cache/typescript/4.2/node_modules/@types/color-convert/index.d.ts'
[16:06:32.402] Adding entry into typings cache: 'color-name' => '/home/robin/.cache/typescript/4.2/node_modules/@types/color-name/index.d.ts'
[16:06:32.403] Adding entry into typings cache: 'color-string' => '/home/robin/.cache/typescript/4.2/node_modules/@types/color-string/index.d.ts'
[16:06:32.409] Adding entry into typings cache: 'combined-stream' => '/home/robin/.cache/typescript/4.2/node_modules/@types/combined-stream/index.d.ts'
[16:06:32.413] Adding entry into typings cache: 'common-tags' => '/home/robin/.cache/typescript/4.2/node_modules/@types/common-tags/index.d.ts'
[16:06:32.414] Adding entry into typings cache: 'commondir' => '/home/robin/.cache/typescript/4.2/node_modules/@types/commondir/index.d.ts'
[16:06:32.417] Adding entry into typings cache: 'component-emitter' => '/home/robin/.cache/typescript/4.2/node_modules/@types/component-emitter/index.d.ts'
[16:06:32.418] Adding entry into typings cache: 'compose-function' => '/home/robin/.cache/typescript/4.2/node_modules/@types/compose-function/index.d.ts'
[16:06:32.419] Adding entry into typings cache: 'compressible' => '/home/robin/.cache/typescript/4.2/node_modules/@types/compressible/index.d.ts'
[16:06:32.421] Adding entry into typings cache: 'compression' => '/home/robin/.cache/typescript/4.2/node_modules/@types/compression/index.d.ts'
[16:06:32.423] Adding entry into typings cache: 'concat-map' => '/home/robin/.cache/typescript/4.2/node_modules/@types/concat-map/index.d.ts'
[16:06:32.424] Adding entry into typings cache: 'concat-stream' => '/home/robin/.cache/typescript/4.2/node_modules/@types/concat-stream/index.d.ts'
[16:06:32.425] Adding entry into typings cache: 'configstore' => '/home/robin/.cache/typescript/4.2/node_modules/@types/configstore/index.d.ts'
[16:06:32.429] Adding entry into typings cache: 'confusing-browser-globals' => '/home/robin/.cache/typescript/4.2/node_modules/@types/confusing-browser-globals/index.d.ts'
[16:06:32.435] Adding entry into typings cache: 'connect-history-api-fallback' => '/home/robin/.cache/typescript/4.2/node_modules/@types/connect-history-api-fallback/index.d.ts'
[16:06:32.443] Adding entry into typings cache: 'contains-path' => '/home/robin/.cache/typescript/4.2/node_modules/@types/contains-path/index.d.ts'
[16:06:32.445] Adding entry into typings cache: 'content-disposition' => '/home/robin/.cache/typescript/4.2/node_modules/@types/content-disposition/index.d.ts'
[16:06:32.452] Adding entry into typings cache: 'content-type' => '/home/robin/.cache/typescript/4.2/node_modules/@types/content-type/index.d.ts'
[16:06:32.453] Adding entry into typings cache: 'convert-source-map' => '/home/robin/.cache/typescript/4.2/node_modules/@types/convert-source-map/index.d.ts'
[16:06:32.457] Adding entry into typings cache: 'cookie' => '/home/robin/.cache/typescript/4.2/node_modules/@types/cookie/index.d.ts'
[16:06:32.458] Adding entry into typings cache: 'cookie-signature' => '/home/robin/.cache/typescript/4.2/node_modules/@types/cookie-signature/index.d.ts'
[16:06:32.459] Adding entry into typings cache: 'core-js' => '/home/robin/.cache/typescript/4.2/node_modules/@types/core-js/index.d.ts'
[16:06:32.461] Adding entry into typings cache: 'cors' => '/home/robin/.cache/typescript/4.2/node_modules/@types/cors/index.d.ts'
[16:06:32.463] Adding entry into typings cache: 'create-hash' => '/home/robin/.cache/typescript/4.2/node_modules/@types/create-hash/index.d.ts'
[16:06:32.466] Adding entry into typings cache: 'create-hmac' => '/home/robin/.cache/typescript/4.2/node_modules/@types/create-hmac/index.d.ts'
[16:06:32.475] Adding entry into typings cache: 'cross-spawn' => '/home/robin/.cache/typescript/4.2/node_modules/@types/cross-spawn/index.d.ts'
[16:06:32.476] Adding entry into typings cache: 'css' => '/home/robin/.cache/typescript/4.2/node_modules/@types/css/index.d.ts'
[16:06:32.477] Adding entry into typings cache: 'css-declaration-sorter' => '/home/robin/.cache/typescript/4.2/node_modules/@types/css-declaration-sorter/index.d.ts'
[16:06:32.478] Adding entry into typings cache: 'css-tree' => '/home/robin/.cache/typescript/4.2/node_modules/@types/css-tree/index.d.ts'
[16:06:32.479] Adding entry into typings cache: 'cssesc' => '/home/robin/.cache/typescript/4.2/node_modules/@types/cssesc/index.d.ts'
[16:06:32.480] Adding entry into typings cache: 'cssnano' => '/home/robin/.cache/typescript/4.2/node_modules/@types/cssnano/index.d.ts'
[16:06:32.481] Adding entry into typings cache: 'csso' => '/home/robin/.cache/typescript/4.2/node_modules/@types/csso/index.d.ts'
[16:06:32.482] Adding entry into typings cache: 'cssom' => '/home/robin/.cache/typescript/4.2/node_modules/@types/cssom/index.d.ts'
[16:06:32.483] Adding entry into typings cache: 'cssstyle' => '/home/robin/.cache/typescript/4.2/node_modules/@types/cssstyle/index.d.ts'
[16:06:32.484] Adding entry into typings cache: 'd' => '/home/robin/.cache/typescript/4.2/node_modules/@types/d/index.d.ts'
[16:06:32.485] Adding entry into typings cache: 'damerau-levenshtein' => '/home/robin/.cache/typescript/4.2/node_modules/@types/damerau-levenshtein/index.d.ts'
[16:06:32.486] Adding entry into typings cache: 'dashdash' => '/home/robin/.cache/typescript/4.2/node_modules/@types/dashdash/index.d.ts'
[16:06:32.487] Adding entry into typings cache: 'data-urls' => '/home/robin/.cache/typescript/4.2/node_modules/@types/data-urls/index.d.ts'
[16:06:32.489] Adding entry into typings cache: 'debounce' => '/home/robin/.cache/typescript/4.2/node_modules/@types/debounce/index.d.ts'
[16:06:32.492] Adding entry into typings cache: 'debug' => '/home/robin/.cache/typescript/4.2/node_modules/@types/debug/index.d.ts'
[16:06:32.496] Adding entry into typings cache: 'decode-uri-component' => '/home/robin/.cache/typescript/4.2/node_modules/@types/decode-uri-component/index.d.ts'
[16:06:32.497] Adding entry into typings cache: 'dedent' => '/home/robin/.cache/typescript/4.2/node_modules/@types/dedent/index.d.ts'
[16:06:32.499] Adding entry into typings cache: 'deep-equal' => '/home/robin/.cache/typescript/4.2/node_modules/@types/deep-equal/index.d.ts'
[16:06:32.501] Adding entry into typings cache: 'deep-extend' => '/home/robin/.cache/typescript/4.2/node_modules/@types/deep-extend/index.d.ts'
[16:06:32.504] Adding entry into typings cache: 'default-gateway' => '/home/robin/.cache/typescript/4.2/node_modules/@types/default-gateway/index.d.ts'
[16:06:32.505] Adding entry into typings cache: 'define-properties' => '/home/robin/.cache/typescript/4.2/node_modules/@types/define-properties/index.d.ts'
[16:06:32.506] Adding entry into typings cache: 'depd' => '/home/robin/.cache/typescript/4.2/node_modules/@types/depd/index.d.ts'
[16:06:32.507] Adding entry into typings cache: 'destroy' => '/home/robin/.cache/typescript/4.2/node_modules/@types/destroy/index.d.ts'
[16:06:32.509] Adding entry into typings cache: 'detect-node' => '/home/robin/.cache/typescript/4.2/node_modules/@types/detect-node/index.d.ts'
[16:06:32.510] Adding entry into typings cache: 'diffie-hellman' => '/home/robin/.cache/typescript/4.2/node_modules/@types/diffie-hellman/index.d.ts'
[16:06:32.511] Adding entry into typings cache: 'dir-glob' => '/home/robin/.cache/typescript/4.2/node_modules/@types/dir-glob/index.d.ts'
[16:06:32.513] Adding entry into typings cache: 'doctrine' => '/home/robin/.cache/typescript/4.2/node_modules/@types/doctrine/index.d.ts'
[16:06:32.514] Adding entry into typings cache: 'domexception' => '/home/robin/.cache/typescript/4.2/node_modules/@types/domexception/index.d.ts'
[16:06:32.516] Adding entry into typings cache: 'domhandler' => '/home/robin/.cache/typescript/4.2/node_modules/@types/domhandler/index.d.ts'
[16:06:32.517] Adding entry into typings cache: 'domutils' => '/home/robin/.cache/typescript/4.2/node_modules/@types/domutils/index.d.ts'
[16:06:32.518] Adding entry into typings cache: 'dot' => '/home/robin/.cache/typescript/4.2/node_modules/@types/dot/index.d.ts'
[16:06:32.519] Adding entry into typings cache: 'duplexer3' => '/home/robin/.cache/typescript/4.2/node_modules/@types/duplexer3/index.d.ts'
[16:06:32.522] Adding entry into typings cache: 'duplexify' => '/home/robin/.cache/typescript/4.2/node_modules/@types/duplexify/index.d.ts'
[16:06:32.527] Adding entry into typings cache: 'ee-first' => '/home/robin/.cache/typescript/4.2/node_modules/@types/ee-first/index.d.ts'
[16:06:32.534] Adding entry into typings cache: 'ejs' => '/home/robin/.cache/typescript/4.2/node_modules/@types/ejs/index.d.ts'
[16:06:32.535] Adding entry into typings cache: 'elliptic' => '/home/robin/.cache/typescript/4.2/node_modules/@types/elliptic/index.d.ts'
[16:06:32.538] Adding entry into typings cache: 'encodeurl' => '/home/robin/.cache/typescript/4.2/node_modules/@types/encodeurl/index.d.ts'
[16:06:32.543] Adding entry into typings cache: 'end-of-stream' => '/home/robin/.cache/typescript/4.2/node_modules/@types/end-of-stream/index.d.ts'
[16:06:32.545] Adding entry into typings cache: 'enhanced-resolve' => '/home/robin/.cache/typescript/4.2/node_modules/enhanced-resolve/types.d.ts'
[16:06:32.547] Adding entry into typings cache: 'entities' => '/home/robin/.cache/typescript/4.2/node_modules/@types/entities/index.d.ts'
[16:06:32.548] Adding entry into typings cache: 'es-abstract' => '/home/robin/.cache/typescript/4.2/node_modules/@types/es-abstract/index.d.ts'
[16:06:32.550] Adding entry into typings cache: 'es-to-primitive' => '/home/robin/.cache/typescript/4.2/node_modules/@types/es-to-primitive/index.d.ts'
[16:06:32.553] Adding entry into typings cache: 'escape-html' => '/home/robin/.cache/typescript/4.2/node_modules/@types/escape-html/index.d.ts'
[16:06:32.553] Adding entry into typings cache: 'escodegen' => '/home/robin/.cache/typescript/4.2/node_modules/@types/escodegen/index.d.ts'
[16:06:32.555] Adding entry into typings cache: 'eslint' => '/home/robin/.cache/typescript/4.2/node_modules/@types/eslint/index.d.ts'
[16:06:32.557] Adding entry into typings cache: 'eslint-scope' => '/home/robin/.cache/typescript/4.2/node_modules/@types/eslint-scope/index.d.ts'
[16:06:32.558] Adding entry into typings cache: 'eslint-visitor-keys' => '/home/robin/.cache/typescript/4.2/node_modules/@types/eslint-visitor-keys/index.d.ts'
[16:06:32.562] Adding entry into typings cache: 'esprima' => '/home/robin/.cache/typescript/4.2/node_modules/@types/esprima/index.d.ts'
[16:06:32.564] Adding entry into typings cache: 'esquery' => '/home/robin/.cache/typescript/4.2/node_modules/@types/esquery/index.d.ts'
[16:06:32.573] Adding entry into typings cache: 'estraverse' => '/home/robin/.cache/typescript/4.2/node_modules/@types/estraverse/index.d.ts'
[16:06:32.574] Adding entry into typings cache: 'etag' => '/home/robin/.cache/typescript/4.2/node_modules/@types/etag/index.d.ts'
[16:06:32.576] Adding entry into typings cache: 'events' => '/home/robin/.cache/typescript/4.2/node_modules/@types/events/index.d.ts'
[16:06:32.591] Adding entry into typings cache: 'eventsource' => '/home/robin/.cache/typescript/4.2/node_modules/@types/eventsource/index.d.ts'
[16:06:32.592] Adding entry into typings cache: 'exenv' => '/home/robin/.cache/typescript/4.2/node_modules/@types/exenv/index.d.ts'
[16:06:32.593] Adding entry into typings cache: 'exit' => '/home/robin/.cache/typescript/4.2/node_modules/@types/exit/index.d.ts'
[16:06:32.594] Adding entry into typings cache: 'express' => '/home/robin/.cache/typescript/4.2/node_modules/@types/express/index.d.ts'
[16:06:32.595] Adding entry into typings cache: 'extend' => '/home/robin/.cache/typescript/4.2/node_modules/@types/extend/index.d.ts'
[16:06:32.596] Adding entry into typings cache: 'extsprintf' => '/home/robin/.cache/typescript/4.2/node_modules/@types/extsprintf/index.d.ts'
[16:06:32.597] Adding entry into typings cache: 'fast-levenshtein' => '/home/robin/.cache/typescript/4.2/node_modules/@types/fast-levenshtein/index.d.ts'
[16:06:32.600] Adding entry into typings cache: 'fast-text-encoding' => '/home/robin/.cache/typescript/4.2/node_modules/@types/fast-text-encoding/index.d.ts'
[16:06:32.601] Adding entry into typings cache: 'fb-watchman' => '/home/robin/.cache/typescript/4.2/node_modules/@types/fb-watchman/index.d.ts'
[16:06:32.603] Adding entry into typings cache: 'fbjs' => '/home/robin/.cache/typescript/4.2/node_modules/@types/fbjs/index.d.ts'
[16:06:32.605] Adding entry into typings cache: 'file-entry-cache' => '/home/robin/.cache/typescript/4.2/node_modules/@types/file-entry-cache/index.d.ts'
[16:06:32.606] Adding entry into typings cache: 'file-loader' => '/home/robin/.cache/typescript/4.2/node_modules/@types/file-loader/index.d.ts'
[16:06:32.609] Adding entry into typings cache: 'finalhandler' => '/home/robin/.cache/typescript/4.2/node_modules/@types/finalhandler/index.d.ts'
[16:06:32.611] Adding entry into typings cache: 'find-cache-dir' => '/home/robin/.cache/typescript/4.2/node_modules/@types/find-cache-dir/index.d.ts'
[16:06:32.612] Adding entry into typings cache: 'flat-cache' => '/home/robin/.cache/typescript/4.2/node_modules/@types/flat-cache/index.d.ts'
[16:06:32.613] Adding entry into typings cache: 'flush-write-stream' => '/home/robin/.cache/typescript/4.2/node_modules/@types/flush-write-stream/index.d.ts'
[16:06:32.614] Adding entry into typings cache: 'follow-redirects' => '/home/robin/.cache/typescript/4.2/node_modules/@types/follow-redirects/index.d.ts'
[16:06:32.615] Adding entry into typings cache: 'forever-agent' => '/home/robin/.cache/typescript/4.2/node_modules/@types/forever-agent/index.d.ts'
[16:06:32.616] Adding entry into typings cache: 'forwarded' => '/home/robin/.cache/typescript/4.2/node_modules/@types/forwarded/index.d.ts'
[16:06:32.617] Adding entry into typings cache: 'fresh' => '/home/robin/.cache/typescript/4.2/node_modules/@types/fresh/index.d.ts'
[16:06:32.618] Adding entry into typings cache: 'from2' => '/home/robin/.cache/typescript/4.2/node_modules/@types/from2/index.d.ts'
[16:06:32.620] Adding entry into typings cache: 'fs-extra' => '/home/robin/.cache/typescript/4.2/node_modules/@types/fs-extra/index.d.ts'
[16:06:32.621] Adding entry into typings cache: 'function-bind' => '/home/robin/.cache/typescript/4.2/node_modules/@types/function-bind/index.d.ts'
[16:06:32.622] Adding entry into typings cache: 'functional-red-black-tree' => '/home/robin/.cache/typescript/4.2/node_modules/@types/functional-red-black-tree/index.d.ts'
[16:06:32.622] Adding entry into typings cache: 'get-caller-file' => '/home/robin/.cache/typescript/4.2/node_modules/@types/get-caller-file/index.d.ts'
[16:06:32.623] Adding entry into typings cache: 'get-intrinsic' => '/home/robin/.cache/typescript/4.2/node_modules/@types/get-intrinsic/index.d.ts'
[16:06:32.625] Adding entry into typings cache: 'get-value' => '/home/robin/.cache/typescript/4.2/node_modules/@types/get-value/index.d.ts'
[16:06:32.626] Adding entry into typings cache: 'getpass' => '/home/robin/.cache/typescript/4.2/node_modules/@types/getpass/index.d.ts'
[16:06:32.627] Adding entry into typings cache: 'glob' => '/home/robin/.cache/typescript/4.2/node_modules/@types/glob/index.d.ts'
[16:06:32.631] Adding entry into typings cache: 'glob-parent' => '/home/robin/.cache/typescript/4.2/node_modules/@types/glob-parent/index.d.ts'
[16:06:32.632] Adding entry into typings cache: 'global-modules' => '/home/robin/.cache/typescript/4.2/node_modules/@types/global-modules/index.d.ts'
[16:06:32.633] Adding entry into typings cache: 'global-prefix' => '/home/robin/.cache/typescript/4.2/node_modules/@types/global-prefix/index.d.ts'
[16:06:32.635] Adding entry into typings cache: 'googlemaps' => '/home/robin/.cache/typescript/4.2/node_modules/@types/googlemaps/index.d.ts'
[16:06:32.636] Adding entry into typings cache: 'got' => '/home/robin/.cache/typescript/4.2/node_modules/@types/got/index.d.ts'
[16:06:32.642] Adding entry into typings cache: 'graceful-fs' => '/home/robin/.cache/typescript/4.2/node_modules/@types/graceful-fs/index.d.ts'
[16:06:32.656] Adding entry into typings cache: 'has' => '/home/robin/.cache/typescript/4.2/node_modules/@types/has/index.d.ts'
[16:06:32.657] Adding entry into typings cache: 'has-symbols' => '/home/robin/.cache/typescript/4.2/node_modules/@types/has-symbols/index.d.ts'
[16:06:32.659] Adding entry into typings cache: 'he' => '/home/robin/.cache/typescript/4.2/node_modules/@types/he/index.d.ts'
[16:06:32.660] Adding entry into typings cache: 'hex-color-regex' => '/home/robin/.cache/typescript/4.2/node_modules/@types/hex-color-regex/index.d.ts'
[16:06:32.660] Adding entry into typings cache: 'history' => '/home/robin/.cache/typescript/4.2/node_modules/@types/history/index.d.ts'
[16:06:32.664] Adding entry into typings cache: 'hoist-non-react-statics' => '/home/robin/.cache/typescript/4.2/node_modules/@types/hoist-non-react-statics/index.d.ts'
[16:06:32.665] Adding entry into typings cache: 'hosted-git-info' => '/home/robin/.cache/typescript/4.2/node_modules/@types/hosted-git-info/index.d.ts'
[16:06:32.665] Adding entry into typings cache: 'html-encoding-sniffer' => '/home/robin/.cache/typescript/4.2/node_modules/@types/html-encoding-sniffer/index.d.ts'
[16:06:32.666] Adding entry into typings cache: 'html-escaper' => '/home/robin/.cache/typescript/4.2/node_modules/@types/html-escaper/index.d.ts'
[16:06:32.667] Adding entry into typings cache: 'html-minifier-terser' => '/home/robin/.cache/typescript/4.2/node_modules/@types/html-minifier-terser/index.d.ts'
[16:06:32.668] Adding entry into typings cache: 'htmlparser2' => '/home/robin/.cache/typescript/4.2/node_modules/@types/htmlparser2/index.d.ts'
[16:06:32.669] Adding entry into typings cache: 'http-cache-semantics' => '/home/robin/.cache/typescript/4.2/node_modules/@types/http-cache-semantics/index.d.ts'
[16:06:32.670] Adding entry into typings cache: 'http-errors' => '/home/robin/.cache/typescript/4.2/node_modules/@types/http-errors/index.d.ts'
[16:06:32.674] Adding entry into typings cache: 'http-proxy' => '/home/robin/.cache/typescript/4.2/node_modules/@types/http-proxy/index.d.ts'
[16:06:32.676] Adding entry into typings cache: 'hyphenate-style-name' => '/home/robin/.cache/typescript/4.2/node_modules/@types/hyphenate-style-name/index.d.ts'
[16:06:32.676] Adding entry into typings cache: 'icss-utils' => '/home/robin/.cache/typescript/4.2/node_modules/@types/icss-utils/index.d.ts'
[16:06:32.677] Adding entry into typings cache: 'iferr' => '/home/robin/.cache/typescript/4.2/node_modules/@types/iferr/index.d.ts'
[16:06:32.679] Adding entry into typings cache: 'imurmurhash' => '/home/robin/.cache/typescript/4.2/node_modules/@types/imurmurhash/index.d.ts'
[16:06:32.686] Adding entry into typings cache: 'inherits' => '/home/robin/.cache/typescript/4.2/node_modules/@types/inherits/index.d.ts'
[16:06:32.687] Adding entry into typings cache: 'ini' => '/home/robin/.cache/typescript/4.2/node_modules/@types/ini/index.d.ts'
[16:06:32.688] Adding entry into typings cache: 'internal-slot' => '/home/robin/.cache/typescript/4.2/node_modules/@types/internal-slot/index.d.ts'
[16:06:32.689] Adding entry into typings cache: 'invariant' => '/home/robin/.cache/typescript/4.2/node_modules/@types/invariant/index.d.ts'
[16:06:32.690] Adding entry into typings cache: 'ip' => '/home/robin/.cache/typescript/4.2/node_modules/@types/ip/index.d.ts'
[16:06:32.695] Adding entry into typings cache: 'is-arguments' => '/home/robin/.cache/typescript/4.2/node_modules/@types/is-arguments/index.d.ts'
[16:06:32.701] Adding entry into typings cache: 'is-buffer' => '/home/robin/.cache/typescript/4.2/node_modules/@types/is-buffer/index.d.ts'
[16:06:32.701] Adding entry into typings cache: 'is-callable' => '/home/robin/.cache/typescript/4.2/node_modules/@types/is-callable/index.d.ts'
[16:06:32.702] Adding entry into typings cache: 'is-ci' => '/home/robin/.cache/typescript/4.2/node_modules/@types/is-ci/index.d.ts'
[16:06:32.703] Adding entry into typings cache: 'is-core-module' => '/home/robin/.cache/typescript/4.2/node_modules/@types/is-core-module/index.d.ts'
[16:06:32.705] Adding entry into typings cache: 'is-date-object' => '/home/robin/.cache/typescript/4.2/node_modules/@types/is-date-object/index.d.ts'
[16:06:32.709] Adding entry into typings cache: 'is-glob' => '/home/robin/.cache/typescript/4.2/node_modules/@types/is-glob/index.d.ts'
[16:06:32.712] Adding entry into typings cache: 'is-number' => '/home/robin/.cache/typescript/4.2/node_modules/@types/is-number/index.d.ts'
[16:06:32.713] Adding entry into typings cache: 'is-regex' => '/home/robin/.cache/typescript/4.2/node_modules/@types/is-regex/index.d.ts'
[16:06:32.714] Adding entry into typings cache: 'is-typedarray' => '/home/robin/.cache/typescript/4.2/node_modules/@types/is-typedarray/index.d.ts'
[16:06:32.715] Adding entry into typings cache: 'is-windows' => '/home/robin/.cache/typescript/4.2/node_modules/@types/is-windows/index.d.ts'
[16:06:32.718] Adding entry into typings cache: 'isarray' => '/home/robin/.cache/typescript/4.2/node_modules/@types/isarray/index.d.ts'
[16:06:32.719] Adding entry into typings cache: 'isexe' => '/home/robin/.cache/typescript/4.2/node_modules/@types/isexe/index.d.ts'
[16:06:32.720] Adding entry into typings cache: 'isomorphic-fetch' => '/home/robin/.cache/typescript/4.2/node_modules/@types/isomorphic-fetch/index.d.ts'
[16:06:32.720] Adding entry into typings cache: 'isstream' => '/home/robin/.cache/typescript/4.2/node_modules/@types/isstream/index.d.ts'
[16:06:32.721] Adding entry into typings cache: 'istanbul-lib-coverage' => '/home/robin/.cache/typescript/4.2/node_modules/@types/istanbul-lib-coverage/index.d.ts'
[16:06:32.722] Adding entry into typings cache: 'istanbul-lib-instrument' => '/home/robin/.cache/typescript/4.2/node_modules/@types/istanbul-lib-instrument/index.d.ts'
[16:06:32.724] Adding entry into typings cache: 'istanbul-lib-report' => '/home/robin/.cache/typescript/4.2/node_modules/@types/istanbul-lib-report/index.d.ts'
[16:06:32.725] Adding entry into typings cache: 'istanbul-lib-source-maps' => '/home/robin/.cache/typescript/4.2/node_modules/@types/istanbul-lib-source-maps/index.d.ts'
[16:06:32.727] Adding entry into typings cache: 'istanbul-reports' => '/home/robin/.cache/typescript/4.2/node_modules/@types/istanbul-reports/index.d.ts'
[16:06:32.729] Adding entry into typings cache: 'js-yaml' => '/home/robin/.cache/typescript/4.2/node_modules/@types/js-yaml/index.d.ts'
[16:06:32.730] Adding entry into typings cache: 'jsbn' => '/home/robin/.cache/typescript/4.2/node_modules/@types/jsbn/index.d.ts'
[16:06:32.732] Adding entry into typings cache: 'jsdom' => '/home/robin/.cache/typescript/4.2/node_modules/@types/jsdom/index.d.ts'
[16:06:32.733] Adding entry into typings cache: 'jsesc' => '/home/robin/.cache/typescript/4.2/node_modules/@types/jsesc/index.d.ts'
[16:06:32.734] Adding entry into typings cache: 'json-bigint' => '/home/robin/.cache/typescript/4.2/node_modules/@types/json-bigint/index.d.ts'
[16:06:32.735] Adding entry into typings cache: 'json-buffer' => '/home/robin/.cache/typescript/4.2/node_modules/@types/json-buffer/index.d.ts'
[16:06:32.736] Adding entry into typings cache: 'json-parse-better-errors' => '/home/robin/.cache/typescript/4.2/node_modules/@types/json-parse-better-errors/index.d.ts'
[16:06:32.737] Adding entry into typings cache: 'json-schema' => '/home/robin/.cache/typescript/4.2/node_modules/@types/json-schema/index.d.ts'
[16:06:32.737] Adding entry into typings cache: 'json-stringify-safe' => '/home/robin/.cache/typescript/4.2/node_modules/@types/json-stringify-safe/index.d.ts'
[16:06:32.738] Adding entry into typings cache: 'json3' => '/home/robin/.cache/typescript/4.2/node_modules/@types/json3/index.d.ts'
[16:06:32.738] Adding entry into typings cache: 'jsonfile' => '/home/robin/.cache/typescript/4.2/node_modules/@types/jsonfile/index.d.ts'
[16:06:32.739] Adding entry into typings cache: 'jws' => '/home/robin/.cache/typescript/4.2/node_modules/@types/jws/index.d.ts'
[16:06:32.740] Adding entry into typings cache: 'keyv' => '/home/robin/.cache/typescript/4.2/node_modules/@types/keyv/index.d.ts'
[16:06:32.741] Adding entry into typings cache: 'kind-of' => '/home/robin/.cache/typescript/4.2/node_modules/@types/kind-of/index.d.ts'
[16:06:32.746] Adding entry into typings cache: 'language-tags' => '/home/robin/.cache/typescript/4.2/node_modules/@types/language-tags/index.d.ts'
[16:06:32.747] Adding entry into typings cache: 'loader-runner' => '/home/robin/.cache/typescript/4.2/node_modules/@types/loader-runner/index.d.ts'
[16:06:32.748] Adding entry into typings cache: 'loader-utils' => '/home/robin/.cache/typescript/4.2/node_modules/@types/loader-utils/index.d.ts'
[16:06:32.749] Adding entry into typings cache: 'lodash' => '/home/robin/.cache/typescript/4.2/node_modules/@types/lodash/index.d.ts'
[16:06:32.750] Adding entry into typings cache: 'lodash-es' => '/home/robin/.cache/typescript/4.2/node_modules/@types/lodash-es/index.d.ts'
[16:06:32.751] Adding entry into typings cache: 'lodash.camelcase' => '/home/robin/.cache/typescript/4.2/node_modules/@types/lodash.camelcase/index.d.ts'
[16:06:32.752] Adding entry into typings cache: 'lodash.clonedeep' => '/home/robin/.cache/typescript/4.2/node_modules/@types/lodash.clonedeep/index.d.ts'
[16:06:32.752] Adding entry into typings cache: 'lodash.debounce' => '/home/robin/.cache/typescript/4.2/node_modules/@types/lodash.debounce/index.d.ts'
[16:06:32.753] Adding entry into typings cache: 'lodash.flatten' => '/home/robin/.cache/typescript/4.2/node_modules/@types/lodash.flatten/index.d.ts'
[16:06:32.754] Adding entry into typings cache: 'lodash.memoize' => '/home/robin/.cache/typescript/4.2/node_modules/@types/lodash.memoize/index.d.ts'
[16:06:32.755] Adding entry into typings cache: 'lodash.once' => '/home/robin/.cache/typescript/4.2/node_modules/@types/lodash.once/index.d.ts'
[16:06:32.756] Adding entry into typings cache: 'lodash.sortby' => '/home/robin/.cache/typescript/4.2/node_modules/@types/lodash.sortby/index.d.ts'
[16:06:32.756] Adding entry into typings cache: 'lodash.template' => '/home/robin/.cache/typescript/4.2/node_modules/@types/lodash.template/index.d.ts'
[16:06:32.757] Adding entry into typings cache: 'lodash.throttle' => '/home/robin/.cache/typescript/4.2/node_modules/@types/lodash.throttle/index.d.ts'
[16:06:32.758] Adding entry into typings cache: 'lodash.truncate' => '/home/robin/.cache/typescript/4.2/node_modules/@types/lodash.truncate/index.d.ts'
[16:06:32.758] Adding entry into typings cache: 'lodash.uniq' => '/home/robin/.cache/typescript/4.2/node_modules/@types/lodash.uniq/index.d.ts'
[16:06:32.759] Adding entry into typings cache: 'long' => '/home/robin/.cache/typescript/4.2/node_modules/@types/long/index.d.ts'
[16:06:32.760] Adding entry into typings cache: 'lru-cache' => '/home/robin/.cache/typescript/4.2/node_modules/@types/lru-cache/index.d.ts'
[16:06:32.766] Adding entry into typings cache: 'lz-string' => '/home/robin/.cache/typescript/4.2/node_modules/@types/lz-string/index.d.ts'
[16:06:32.766] Adding entry into typings cache: 'media-typer' => '/home/robin/.cache/typescript/4.2/node_modules/@types/media-typer/index.d.ts'
[16:06:32.767] Adding entry into typings cache: 'memory-fs' => '/home/robin/.cache/typescript/4.2/node_modules/@types/memory-fs/index.d.ts'
[16:06:32.768] Adding entry into typings cache: 'memory-pager' => '/home/robin/.cache/typescript/4.2/node_modules/@types/memory-pager/index.d.ts'
[16:06:32.768] Adding entry into typings cache: 'merge-descriptors' => '/home/robin/.cache/typescript/4.2/node_modules/@types/merge-descriptors/index.d.ts'
[16:06:32.769] Adding entry into typings cache: 'merge-stream' => '/home/robin/.cache/typescript/4.2/node_modules/@types/merge-stream/index.d.ts'
[16:06:32.770] Adding entry into typings cache: 'merge2' => '/home/robin/.cache/typescript/4.2/node_modules/@types/merge2/index.d.ts'
[16:06:32.771] Adding entry into typings cache: 'methods' => '/home/robin/.cache/typescript/4.2/node_modules/@types/methods/index.d.ts'
[16:06:32.773] Adding entry into typings cache: 'micromatch' => '/home/robin/.cache/typescript/4.2/node_modules/@types/micromatch/index.d.ts'
[16:06:32.774] Adding entry into typings cache: 'mime' => '/home/robin/.cache/typescript/4.2/node_modules/@types/mime/index.d.ts'
[16:06:32.779] Adding entry into typings cache: 'mime-db' => '/home/robin/.cache/typescript/4.2/node_modules/@types/mime-db/index.d.ts'
[16:06:32.785] Adding entry into typings cache: 'mime-types' => '/home/robin/.cache/typescript/4.2/node_modules/@types/mime-types/index.d.ts'
[16:06:32.786] Adding entry into typings cache: 'min-indent' => '/home/robin/.cache/typescript/4.2/node_modules/@types/min-indent/index.d.ts'
[16:06:32.787] Adding entry into typings cache: 'mini-css-extract-plugin' => '/home/robin/.cache/typescript/4.2/node_modules/@types/mini-css-extract-plugin/index.d.ts'
[16:06:32.788] Adding entry into typings cache: 'minimalistic-assert' => '/home/robin/.cache/typescript/4.2/node_modules/@types/minimalistic-assert/index.d.ts'
[16:06:32.789] Adding entry into typings cache: 'minimatch' => '/home/robin/.cache/typescript/4.2/node_modules/@types/minimatch/index.d.ts'
[16:06:32.790] Adding entry into typings cache: 'minimist' => '/home/robin/.cache/typescript/4.2/node_modules/@types/minimist/index.d.ts'
[16:06:32.791] Adding entry into typings cache: 'minipass' => '/home/robin/.cache/typescript/4.2/node_modules/@types/minipass/index.d.ts'
[16:06:32.792] Adding entry into typings cache: 'minizlib' => '/home/robin/.cache/typescript/4.2/node_modules/@types/minizlib/index.d.ts'
[16:06:32.793] Adding entry into typings cache: 'mkdirp' => '/home/robin/.cache/typescript/4.2/node_modules/@types/mkdirp/index.d.ts'
[16:06:32.794] Adding entry into typings cache: 'mongodb' => '/home/robin/.cache/typescript/4.2/node_modules/@types/mongodb/index.d.ts'
[16:06:32.796] Adding entry into typings cache: 'move-concurrently' => '/home/robin/.cache/typescript/4.2/node_modules/@types/move-concurrently/index.d.ts'
[16:06:32.797] Adding entry into typings cache: 'ms' => '/home/robin/.cache/typescript/4.2/node_modules/@types/ms/index.d.ts'
[16:06:32.798] Adding entry into typings cache: 'natural-compare' => '/home/robin/.cache/typescript/4.2/node_modules/@types/natural-compare/index.d.ts'
[16:06:32.799] Adding entry into typings cache: 'negotiator' => '/home/robin/.cache/typescript/4.2/node_modules/@types/negotiator/index.d.ts'
[16:06:32.800] Adding entry into typings cache: 'next-tick' => '/home/robin/.cache/typescript/4.2/node_modules/@types/next-tick/index.d.ts'
[16:06:32.801] Adding entry into typings cache: 'nice-try' => '/home/robin/.cache/typescript/4.2/node_modules/@types/nice-try/index.d.ts'
[16:06:32.803] Adding entry into typings cache: 'node-fetch' => '/home/robin/.cache/typescript/4.2/node_modules/@types/node-fetch/index.d.ts'
[16:06:32.806] Adding entry into typings cache: 'node-forge' => '/home/robin/.cache/typescript/4.2/node_modules/@types/node-forge/index.d.ts'
[16:06:32.807] Adding entry into typings cache: 'node-int64' => '/home/robin/.cache/typescript/4.2/node_modules/@types/node-int64/index.d.ts'
[16:06:32.807] Adding entry into typings cache: 'node-notifier' => '/home/robin/.cache/typescript/4.2/node_modules/@types/node-notifier/index.d.ts'
[16:06:32.808] Adding entry into typings cache: 'nodemon' => '/home/robin/.cache/typescript/4.2/node_modules/@types/nodemon/index.d.ts'
[16:06:32.809] Adding entry into typings cache: 'nopt' => '/home/robin/.cache/typescript/4.2/node_modules/@types/nopt/index.d.ts'
[16:06:32.810] Adding entry into typings cache: 'normalize-package-data' => '/home/robin/.cache/typescript/4.2/node_modules/@types/normalize-package-data/index.d.ts'
[16:06:32.811] Adding entry into typings cache: 'normalize-path' => '/home/robin/.cache/typescript/4.2/node_modules/@types/normalize-path/index.d.ts'
[16:06:32.812] Adding entry into typings cache: 'num2fraction' => '/home/robin/.cache/typescript/4.2/node_modules/@types/num2fraction/index.d.ts'
[16:06:32.813] Adding entry into typings cache: 'nwsapi' => '/home/robin/.cache/typescript/4.2/node_modules/@types/nwsapi/index.d.ts'
[16:06:32.813] Adding entry into typings cache: 'object-assign' => '/home/robin/.cache/typescript/4.2/node_modules/@types/object-assign/index.d.ts'
[16:06:32.814] Adding entry into typings cache: 'object-inspect' => '/home/robin/.cache/typescript/4.2/node_modules/@types/object-inspect/index.d.ts'
[16:06:32.814] Adding entry into typings cache: 'object-keys' => '/home/robin/.cache/typescript/4.2/node_modules/@types/object-keys/index.d.ts'
[16:06:32.815] Adding entry into typings cache: 'object.fromentries' => '/home/robin/.cache/typescript/4.2/node_modules/@types/object.fromentries/index.d.ts'
[16:06:32.816] Adding entry into typings cache: 'object.getownpropertydescriptors' => '/home/robin/.cache/typescript/4.2/node_modules/@types/object.getownpropertydescriptors/index.d.ts'
[16:06:32.817] Adding entry into typings cache: 'object.pick' => '/home/robin/.cache/typescript/4.2/node_modules/@types/object.pick/index.d.ts'
[16:06:32.818] Adding entry into typings cache: 'on-finished' => '/home/robin/.cache/typescript/4.2/node_modules/@types/on-finished/index.d.ts'
[16:06:32.819] Adding entry into typings cache: 'on-headers' => '/home/robin/.cache/typescript/4.2/node_modules/@types/on-headers/index.d.ts'
[16:06:32.819] Adding entry into typings cache: 'once' => '/home/robin/.cache/typescript/4.2/node_modules/@types/once/index.d.ts'
[16:06:32.823] Adding entry into typings cache: 'optimize-css-assets-webpack-plugin' => '/home/robin/.cache/typescript/4.2/node_modules/@types/optimize-css-assets-webpack-plugin/index.d.ts'
[16:06:32.824] Adding entry into typings cache: 'original' => '/home/robin/.cache/typescript/4.2/node_modules/@types/original/index.d.ts'
[16:06:32.825] Adding entry into typings cache: 'pako' => '/home/robin/.cache/typescript/4.2/node_modules/@types/pako/index.d.ts'
[16:06:32.825] Adding entry into typings cache: 'parallel-transform' => '/home/robin/.cache/typescript/4.2/node_modules/@types/parallel-transform/index.d.ts'
[16:06:32.827] Adding entry into typings cache: 'parse-json' => '/home/robin/.cache/typescript/4.2/node_modules/@types/parse-json/index.d.ts'
[16:06:32.828] Adding entry into typings cache: 'parse5' => '/home/robin/.cache/typescript/4.2/node_modules/@types/parse5/index.d.ts'
[16:06:32.828] Adding entry into typings cache: 'parseurl' => '/home/robin/.cache/typescript/4.2/node_modules/@types/parseurl/index.d.ts'
[16:06:32.830] Adding entry into typings cache: 'pascalcase' => '/home/robin/.cache/typescript/4.2/node_modules/@types/pascalcase/index.d.ts'
[16:06:32.831] Adding entry into typings cache: 'path-is-absolute' => '/home/robin/.cache/typescript/4.2/node_modules/@types/path-is-absolute/index.d.ts'
[16:06:32.832] Adding entry into typings cache: 'path-is-inside' => '/home/robin/.cache/typescript/4.2/node_modules/@types/path-is-inside/index.d.ts'
[16:06:32.833] Adding entry into typings cache: 'path-parse' => '/home/robin/.cache/typescript/4.2/node_modules/@types/path-parse/index.d.ts'
[16:06:32.833] Adding entry into typings cache: 'pbkdf2' => '/home/robin/.cache/typescript/4.2/node_modules/@types/pbkdf2/index.d.ts'
[16:06:32.839] Adding entry into typings cache: 'picomatch' => '/home/robin/.cache/typescript/4.2/node_modules/@types/picomatch/index.d.ts'
[16:06:32.839] Adding entry into typings cache: 'pify' => '/home/robin/.cache/typescript/4.2/node_modules/@types/pify/index.d.ts'
[16:06:32.840] Adding entry into typings cache: 'postcss-calc' => '/home/robin/.cache/typescript/4.2/node_modules/@types/postcss-calc/index.d.ts'
[16:06:32.841] Adding entry into typings cache: 'postcss-custom-properties' => '/home/robin/.cache/typescript/4.2/node_modules/@types/postcss-custom-properties/index.d.ts'
[16:06:32.845] Adding entry into typings cache: 'postcss-flexbugs-fixes' => '/home/robin/.cache/typescript/4.2/node_modules/@types/postcss-flexbugs-fixes/index.d.ts'
[16:06:32.846] Adding entry into typings cache: 'postcss-focus-within' => '/home/robin/.cache/typescript/4.2/node_modules/@types/postcss-focus-within/index.d.ts'
[16:06:32.846] Adding entry into typings cache: 'postcss-gap-properties' => '/home/robin/.cache/typescript/4.2/node_modules/@types/postcss-gap-properties/index.d.ts'
[16:06:32.847] Adding entry into typings cache: 'postcss-load-config' => '/home/robin/.cache/typescript/4.2/node_modules/@types/postcss-load-config/index.d.ts'
[16:06:32.848] Adding entry into typings cache: 'postcss-modules-extract-imports' => '/home/robin/.cache/typescript/4.2/node_modules/@types/postcss-modules-extract-imports/index.d.ts'
[16:06:32.848] Adding entry into typings cache: 'postcss-modules-local-by-default' => '/home/robin/.cache/typescript/4.2/node_modules/@types/postcss-modules-local-by-default/index.d.ts'
[16:06:32.849] Adding entry into typings cache: 'postcss-modules-scope' => '/home/robin/.cache/typescript/4.2/node_modules/@types/postcss-modules-scope/index.d.ts'
[16:06:32.850] Adding entry into typings cache: 'postcss-modules-values' => '/home/robin/.cache/typescript/4.2/node_modules/@types/postcss-modules-values/index.d.ts'
[16:06:32.851] Adding entry into typings cache: 'postcss-normalize' => '/home/robin/.cache/typescript/4.2/node_modules/@types/postcss-normalize/index.d.ts'
[16:06:32.853] Adding entry into typings cache: 'postcss-preset-env' => '/home/robin/.cache/typescript/4.2/node_modules/@types/postcss-preset-env/index.d.ts'
[16:06:32.854] Adding entry into typings cache: 'postcss-safe-parser' => '/home/robin/.cache/typescript/4.2/node_modules/@types/postcss-safe-parser/index.d.ts'
[16:06:32.856] Adding entry into typings cache: 'prelude-ls' => '/home/robin/.cache/typescript/4.2/node_modules/@types/prelude-ls/index.d.ts'
[16:06:32.858] Adding entry into typings cache: 'progress' => '/home/robin/.cache/typescript/4.2/node_modules/@types/progress/index.d.ts'
[16:06:32.860] Adding entry into typings cache: 'promise-inflight' => '/home/robin/.cache/typescript/4.2/node_modules/@types/promise-inflight/index.d.ts'
[16:06:32.862] Adding entry into typings cache: 'promise-polyfill' => '/home/robin/.cache/typescript/4.2/node_modules/@types/promise-polyfill/index.d.ts'
[16:06:32.864] Adding entry into typings cache: 'prompts' => '/home/robin/.cache/typescript/4.2/node_modules/@types/prompts/index.d.ts'
[16:06:32.865] Adding entry into typings cache: 'prop-types' => '/home/robin/.cache/typescript/4.2/node_modules/@types/prop-types/index.d.ts'
[16:06:32.867] Adding entry into typings cache: 'proxy-addr' => '/home/robin/.cache/typescript/4.2/node_modules/@types/proxy-addr/index.d.ts'
[16:06:32.869] Adding entry into typings cache: 'psl' => '/home/robin/.cache/typescript/4.2/node_modules/@types/psl/index.d.ts'
[16:06:32.870] Adding entry into typings cache: 'pump' => '/home/robin/.cache/typescript/4.2/node_modules/@types/pump/index.d.ts'
[16:06:32.871] Adding entry into typings cache: 'pumpify' => '/home/robin/.cache/typescript/4.2/node_modules/@types/pumpify/index.d.ts'
[16:06:32.874] Adding entry into typings cache: 'punycode' => '/home/robin/.cache/typescript/4.2/node_modules/@types/punycode/index.d.ts'
[16:06:32.875] Adding entry into typings cache: 'q' => '/home/robin/.cache/typescript/4.2/node_modules/@types/q/index.d.ts'
[16:06:32.876] Adding entry into typings cache: 'qs' => '/home/robin/.cache/typescript/4.2/node_modules/@types/qs/index.d.ts'
[16:06:32.877] Adding entry into typings cache: 'querystringify' => '/home/robin/.cache/typescript/4.2/node_modules/@types/querystringify/index.d.ts'
[16:06:32.879] Adding entry into typings cache: 'raf' => '/home/robin/.cache/typescript/4.2/node_modules/@types/raf/index.d.ts'
[16:06:32.881] Adding entry into typings cache: 'randombytes' => '/home/robin/.cache/typescript/4.2/node_modules/@types/randombytes/index.d.ts'
[16:06:32.883] Adding entry into typings cache: 'range-parser' => '/home/robin/.cache/typescript/4.2/node_modules/@types/range-parser/index.d.ts'
[16:06:32.884] Adding entry into typings cache: 'rc' => '/home/robin/.cache/typescript/4.2/node_modules/@types/rc/index.d.ts'
[16:06:32.886] Adding entry into typings cache: 'react' => '/home/robin/.cache/typescript/4.2/node_modules/@types/react/index.d.ts'
[16:06:32.887] Adding entry into typings cache: 'react-calendar' => '/home/robin/.cache/typescript/4.2/node_modules/@types/react-calendar/index.d.ts'
[16:06:32.887] Adding entry into typings cache: 'react-dev-utils' => '/home/robin/.cache/typescript/4.2/node_modules/@types/react-dev-utils/index.d.ts'
[16:06:32.888] Adding entry into typings cache: 'react-dom' => '/home/robin/.cache/typescript/4.2/node_modules/@types/react-dom/index.d.ts'
[16:06:32.889] Adding entry into typings cache: 'react-event-listener' => '/home/robin/.cache/typescript/4.2/node_modules/@types/react-event-listener/index.d.ts'
[16:06:32.890] Adding entry into typings cache: 'react-is' => '/home/robin/.cache/typescript/4.2/node_modules/@types/react-is/index.d.ts'
[16:06:32.891] Adding entry into typings cache: 'react-lifecycles-compat' => '/home/robin/.cache/typescript/4.2/node_modules/@types/react-lifecycles-compat/index.d.ts'
[16:06:32.891] Adding entry into typings cache: 'react-modal' => '/home/robin/.cache/typescript/4.2/node_modules/@types/react-modal/index.d.ts'
[16:06:32.892] Adding entry into typings cache: 'react-numeric-input' => '/home/robin/.cache/typescript/4.2/node_modules/@types/react-numeric-input/index.d.ts'
[16:06:32.893] Adding entry into typings cache: 'react-router' => '/home/robin/.cache/typescript/4.2/node_modules/@types/react-router/index.d.ts'
[16:06:32.894] Adding entry into typings cache: 'react-router-dom' => '/home/robin/.cache/typescript/4.2/node_modules/@types/react-router-dom/index.d.ts'
[16:06:32.895] Adding entry into typings cache: 'react-scroll' => '/home/robin/.cache/typescript/4.2/node_modules/@types/react-scroll/index.d.ts'
[16:06:32.896] Adding entry into typings cache: 'react-text-mask' => '/home/robin/.cache/typescript/4.2/node_modules/@types/react-text-mask/index.d.ts'
[16:06:32.897] Adding entry into typings cache: 'react-transition-group' => '/home/robin/.cache/typescript/4.2/node_modules/@types/react-transition-group/index.d.ts'
[16:06:32.898] Adding entry into typings cache: 'readable-stream' => '/home/robin/.cache/typescript/4.2/node_modules/@types/readable-stream/index.d.ts'
[16:06:32.899] Adding entry into typings cache: 'recompose' => '/home/robin/.cache/typescript/4.2/node_modules/@types/recompose/index.d.ts'
[16:06:32.900] Adding entry into typings cache: 'recursive-readdir' => '/home/robin/.cache/typescript/4.2/node_modules/@types/recursive-readdir/index.d.ts'
[16:06:32.900] Adding entry into typings cache: 'regenerate' => '/home/robin/.cache/typescript/4.2/node_modules/@types/regenerate/index.d.ts'
[16:06:32.901] Adding entry into typings cache: 'regenerator-runtime' => '/home/robin/.cache/typescript/4.2/node_modules/@types/regenerator-runtime/index.d.ts'
[16:06:32.903] Adding entry into typings cache: 'registry-auth-token' => '/home/robin/.cache/typescript/4.2/node_modules/@types/registry-auth-token/index.d.ts'
[16:06:32.904] Adding entry into typings cache: 'relateurl' => '/home/robin/.cache/typescript/4.2/node_modules/@types/relateurl/index.d.ts'
[16:06:32.907] Adding entry into typings cache: 'repeat-element' => '/home/robin/.cache/typescript/4.2/node_modules/@types/repeat-element/index.d.ts'
[16:06:32.908] Adding entry into typings cache: 'repeat-string' => '/home/robin/.cache/typescript/4.2/node_modules/@types/repeat-string/index.d.ts'
[16:06:32.910] Adding entry into typings cache: 'request' => '/home/robin/.cache/typescript/4.2/node_modules/@types/request/index.d.ts'
[16:06:32.912] Adding entry into typings cache: 'request-promise-native' => '/home/robin/.cache/typescript/4.2/node_modules/@types/request-promise-native/index.d.ts'
[16:06:32.913] Adding entry into typings cache: 'require-directory' => '/home/robin/.cache/typescript/4.2/node_modules/@types/require-directory/index.d.ts'
[16:06:32.914] Adding entry into typings cache: 'require-from-string' => '/home/robin/.cache/typescript/4.2/node_modules/@types/require-from-string/index.d.ts'
[16:06:32.916] Adding entry into typings cache: 'requires-port' => '/home/robin/.cache/typescript/4.2/node_modules/@types/requires-port/index.d.ts'
[16:06:32.917] Adding entry into typings cache: 'resolve' => '/home/robin/.cache/typescript/4.2/node_modules/@types/resolve/index.d.ts'
[16:06:32.917] Adding entry into typings cache: 'responselike' => '/home/robin/.cache/typescript/4.2/node_modules/@types/responselike/index.d.ts'
[16:06:32.918] Adding entry into typings cache: 'retry' => '/home/robin/.cache/typescript/4.2/node_modules/@types/retry/index.d.ts'
[16:06:32.919] Adding entry into typings cache: 'rimraf' => '/home/robin/.cache/typescript/4.2/node_modules/@types/rimraf/index.d.ts'
[16:06:32.920] Adding entry into typings cache: 'ripemd160' => '/home/robin/.cache/typescript/4.2/node_modules/@types/ripemd160/index.d.ts'
[16:06:32.921] Adding entry into typings cache: 'rsvp' => '/home/robin/.cache/typescript/4.2/node_modules/@types/rsvp/index.d.ts'
[16:06:32.921] Adding entry into typings cache: 'run-parallel' => '/home/robin/.cache/typescript/4.2/node_modules/@types/run-parallel/index.d.ts'
[16:06:32.923] Adding entry into typings cache: 'safe-regex' => '/home/robin/.cache/typescript/4.2/node_modules/@types/safe-regex/index.d.ts'
[16:06:32.924] Adding entry into typings cache: 'safer-buffer' => '/home/robin/.cache/typescript/4.2/node_modules/@types/safer-buffer/index.d.ts'
[16:06:32.925] Adding entry into typings cache: 'sane' => '/home/robin/.cache/typescript/4.2/node_modules/@types/sane/index.d.ts'
[16:06:32.926] Adding entry into typings cache: 'saslprep' => '/home/robin/.cache/typescript/4.2/node_modules/@types/saslprep/index.d.ts'
[16:06:32.927] Adding entry into typings cache: 'sass-loader' => '/home/robin/.cache/typescript/4.2/node_modules/@types/sass-loader/index.d.ts'
[16:06:32.928] Adding entry into typings cache: 'sax' => '/home/robin/.cache/typescript/4.2/node_modules/@types/sax/index.d.ts'
[16:06:32.929] Adding entry into typings cache: 'scheduler' => '/home/robin/.cache/typescript/4.2/node_modules/@types/scheduler/index.d.ts'
[16:06:32.929] Adding entry into typings cache: 'semver' => '/home/robin/.cache/typescript/4.2/node_modules/@types/semver/index.d.ts'
[16:06:32.930] Adding entry into typings cache: 'send' => '/home/robin/.cache/typescript/4.2/node_modules/@types/send/index.d.ts'
[16:06:32.932] Adding entry into typings cache: 'serialize-javascript' => '/home/robin/.cache/typescript/4.2/node_modules/@types/serialize-javascript/index.d.ts'
[16:06:32.933] Adding entry into typings cache: 'serve-index' => '/home/robin/.cache/typescript/4.2/node_modules/@types/serve-index/index.d.ts'
[16:06:32.934] Adding entry into typings cache: 'serve-static' => '/home/robin/.cache/typescript/4.2/node_modules/@types/serve-static/index.d.ts'
[16:06:32.936] Adding entry into typings cache: 'set-value' => '/home/robin/.cache/typescript/4.2/node_modules/@types/set-value/index.d.ts'
[16:06:32.938] Adding entry into typings cache: 'setimmediate' => '/home/robin/.cache/typescript/4.2/node_modules/@types/setimmediate/index.d.ts'
[16:06:32.939] Adding entry into typings cache: 'sha.js' => '/home/robin/.cache/typescript/4.2/node_modules/@types/sha.js/index.d.ts'
[16:06:32.942] Adding entry into typings cache: 'shebang-command' => '/home/robin/.cache/typescript/4.2/node_modules/@types/shebang-command/index.d.ts'
[16:06:32.943] Adding entry into typings cache: 'shell-quote' => '/home/robin/.cache/typescript/4.2/node_modules/@types/shell-quote/index.d.ts'
[16:06:32.944] Adding entry into typings cache: 'signal-exit' => '/home/robin/.cache/typescript/4.2/node_modules/@types/signal-exit/index.d.ts'
[16:06:32.945] Adding entry into typings cache: 'slice-ansi' => '/home/robin/.cache/typescript/4.2/node_modules/@types/slice-ansi/index.d.ts'
[16:06:32.946] Adding entry into typings cache: 'sockjs' => '/home/robin/.cache/typescript/4.2/node_modules/@types/sockjs/index.d.ts'
[16:06:32.947] Adding entry into typings cache: 'sockjs-client' => '/home/robin/.cache/typescript/4.2/node_modules/@types/sockjs-client/index.d.ts'
[16:06:32.949] Adding entry into typings cache: 'source-list-map' => '/home/robin/.cache/typescript/4.2/node_modules/@types/source-list-map/index.d.ts'
[16:06:32.950] Adding entry into typings cache: 'source-map-support' => '/home/robin/.cache/typescript/4.2/node_modules/@types/source-map-support/index.d.ts'
[16:06:32.951] Adding entry into typings cache: 'sparse-bitfield' => '/home/robin/.cache/typescript/4.2/node_modules/@types/sparse-bitfield/index.d.ts'
[16:06:32.953] Adding entry into typings cache: 'spdx-correct' => '/home/robin/.cache/typescript/4.2/node_modules/@types/spdx-correct/index.d.ts'
[16:06:32.954] Adding entry into typings cache: 'spdx-expression-parse' => '/home/robin/.cache/typescript/4.2/node_modules/@types/spdx-expression-parse/index.d.ts'
[16:06:32.955] Adding entry into typings cache: 'spdy' => '/home/robin/.cache/typescript/4.2/node_modules/@types/spdy/index.d.ts'
[16:06:32.956] Adding entry into typings cache: 'sprintf' => '/home/robin/.cache/typescript/4.2/node_modules/@types/sprintf/index.d.ts'
[16:06:32.957] Adding entry into typings cache: 'sprintf-js' => '/home/robin/.cache/typescript/4.2/node_modules/@types/sprintf-js/index.d.ts'
[16:06:32.958] Adding entry into typings cache: 'sshpk' => '/home/robin/.cache/typescript/4.2/node_modules/@types/sshpk/index.d.ts'
[16:06:32.959] Adding entry into typings cache: 'ssri' => '/home/robin/.cache/typescript/4.2/node_modules/@types/ssri/index.d.ts'
[16:06:32.960] Adding entry into typings cache: 'stack-utils' => '/home/robin/.cache/typescript/4.2/node_modules/@types/stack-utils/index.d.ts'
[16:06:32.961] Adding entry into typings cache: 'statuses' => '/home/robin/.cache/typescript/4.2/node_modules/@types/statuses/index.d.ts'
[16:06:32.964] Adding entry into typings cache: 'stream-each' => '/home/robin/.cache/typescript/4.2/node_modules/@types/stream-each/index.d.ts'
[16:06:32.965] Adding entry into typings cache: 'stream-shift' => '/home/robin/.cache/typescript/4.2/node_modules/@types/stream-shift/index.d.ts'
[16:06:32.967] Adding entry into typings cache: 'strict-uri-encode' => '/home/robin/.cache/typescript/4.2/node_modules/@types/strict-uri-encode/index.d.ts'
[16:06:32.969] Adding entry into typings cache: 'string-natural-compare' => '/home/robin/.cache/typescript/4.2/node_modules/@types/string-natural-compare/index.d.ts'
[16:06:32.971] Adding entry into typings cache: 'string.prototype.matchall' => '/home/robin/.cache/typescript/4.2/node_modules/@types/string.prototype.matchall/index.d.ts'
[16:06:32.973] Adding entry into typings cache: 'stringify-object' => '/home/robin/.cache/typescript/4.2/node_modules/@types/stringify-object/index.d.ts'
[16:06:32.974] Adding entry into typings cache: 'strip-comments' => '/home/robin/.cache/typescript/4.2/node_modules/@types/strip-comments/index.d.ts'
[16:06:32.976] Adding entry into typings cache: 'supports-color' => '/home/robin/.cache/typescript/4.2/node_modules/@types/supports-color/index.d.ts'
[16:06:32.977] Adding entry into typings cache: 'svg-parser' => '/home/robin/.cache/typescript/4.2/node_modules/@types/svg-parser/index.d.ts'
[16:06:32.979] Adding entry into typings cache: 'svgo' => '/home/robin/.cache/typescript/4.2/node_modules/@types/svgo/index.d.ts'
[16:06:32.981] Adding entry into typings cache: 'symbol-tree' => '/home/robin/.cache/typescript/4.2/node_modules/@types/symbol-tree/index.d.ts'
[16:06:32.982] Adding entry into typings cache: 'tabbable' => '/home/robin/.cache/typescript/4.2/node_modules/@types/tabbable/index.d.ts'
[16:06:32.983] Adding entry into typings cache: 'table' => '/home/robin/.cache/typescript/4.2/node_modules/@types/table/index.d.ts'
[16:06:32.995] Adding entry into typings cache: 'tapable' => '/home/robin/.cache/typescript/4.2/node_modules/tapable/tapable.d.ts'
[16:06:32.995] Adding entry into typings cache: 'tar' => '/home/robin/.cache/typescript/4.2/node_modules/@types/tar/index.d.ts'
[16:06:32.997] Adding entry into typings cache: 'terser-webpack-plugin' => '/home/robin/.cache/typescript/4.2/node_modules/@types/terser-webpack-plugin/index.d.ts'
[16:06:32.997] Adding entry into typings cache: 'testing-library__jest-dom' => '/home/robin/.cache/typescript/4.2/node_modules/@types/testing-library__jest-dom/index.d.ts'
[16:06:32.998] Adding entry into typings cache: 'text-table' => '/home/robin/.cache/typescript/4.2/node_modules/@types/text-table/index.d.ts'
[16:06:32.999] Adding entry into typings cache: 'through2' => '/home/robin/.cache/typescript/4.2/node_modules/@types/through2/index.d.ts'
[16:06:33.000] Adding entry into typings cache: 'timsort' => '/home/robin/.cache/typescript/4.2/node_modules/@types/timsort/index.d.ts'
[16:06:33.001] Adding entry into typings cache: 'touch' => '/home/robin/.cache/typescript/4.2/node_modules/@types/touch/index.d.ts'
[16:06:33.001] Adding entry into typings cache: 'tough-cookie' => '/home/robin/.cache/typescript/4.2/node_modules/@types/tough-cookie/index.d.ts'
[16:06:33.002] Adding entry into typings cache: 'tryer' => '/home/robin/.cache/typescript/4.2/node_modules/@types/tryer/index.d.ts'
[16:06:33.003] Adding entry into typings cache: 'type-check' => '/home/robin/.cache/typescript/4.2/node_modules/@types/type-check/index.d.ts'
[16:06:33.003] Adding entry into typings cache: 'type-detect' => '/home/robin/.cache/typescript/4.2/node_modules/@types/type-detect/index.d.ts'
[16:06:33.004] Adding entry into typings cache: 'type-is' => '/home/robin/.cache/typescript/4.2/node_modules/@types/type-is/index.d.ts'
[16:06:33.005] Adding entry into typings cache: 'ua-parser-js' => '/home/robin/.cache/typescript/4.2/node_modules/@types/ua-parser-js/index.d.ts'
[16:06:33.006] Adding entry into typings cache: 'uniq' => '/home/robin/.cache/typescript/4.2/node_modules/@types/uniq/index.d.ts'
[16:06:33.006] Adding entry into typings cache: 'universalify' => '/home/robin/.cache/typescript/4.2/node_modules/@types/universalify/index.d.ts'
[16:06:33.007] Adding entry into typings cache: 'update-notifier' => '/home/robin/.cache/typescript/4.2/node_modules/@types/update-notifier/index.d.ts'
[16:06:33.009] Adding entry into typings cache: 'urix' => '/home/robin/.cache/typescript/4.2/node_modules/@types/urix/index.d.ts'
[16:06:33.009] Adding entry into typings cache: 'url-parse' => '/home/robin/.cache/typescript/4.2/node_modules/@types/url-parse/index.d.ts'
[16:06:33.010] Adding entry into typings cache: 'util-deprecate' => '/home/robin/.cache/typescript/4.2/node_modules/@types/util-deprecate/index.d.ts'
[16:06:33.011] Adding entry into typings cache: 'util.promisify' => '/home/robin/.cache/typescript/4.2/node_modules/@types/util.promisify/index.d.ts'
[16:06:33.012] Adding entry into typings cache: 'utils-merge' => '/home/robin/.cache/typescript/4.2/node_modules/@types/utils-merge/index.d.ts'
[16:06:33.012] Adding entry into typings cache: 'uuid' => '/home/robin/.cache/typescript/4.2/node_modules/@types/uuid/index.d.ts'
[16:06:33.013] Adding entry into typings cache: 'validate-npm-package-license' => '/home/robin/.cache/typescript/4.2/node_modules/@types/validate-npm-package-license/index.d.ts'
[16:06:33.014] Adding entry into typings cache: 'vary' => '/home/robin/.cache/typescript/4.2/node_modules/@types/vary/index.d.ts'
[16:06:33.015] Adding entry into typings cache: 'verror' => '/home/robin/.cache/typescript/4.2/node_modules/@types/verror/index.d.ts'
[16:06:33.015] Adding entry into typings cache: 'w3c-hr-time' => '/home/robin/.cache/typescript/4.2/node_modules/@types/w3c-hr-time/index.d.ts'
[16:06:33.016] Adding entry into typings cache: 'w3c-xmlserializer' => '/home/robin/.cache/typescript/4.2/node_modules/@types/w3c-xmlserializer/index.d.ts'
[16:06:33.017] Adding entry into typings cache: 'warning' => '/home/robin/.cache/typescript/4.2/node_modules/@types/warning/index.d.ts'
[16:06:33.018] Adding entry into typings cache: 'watchpack' => '/home/robin/.cache/typescript/4.2/node_modules/@types/watchpack/index.d.ts'
[16:06:33.019] Adding entry into typings cache: 'webidl-conversions' => '/home/robin/.cache/typescript/4.2/node_modules/@types/webidl-conversions/index.d.ts'
[16:06:33.020] Adding entry into typings cache: 'webpack' => '/home/robin/.cache/typescript/4.2/node_modules/webpack/types.d.ts'
[16:06:33.021] Adding entry into typings cache: 'webpack-dev-middleware' => '/home/robin/.cache/typescript/4.2/node_modules/@types/webpack-dev-middleware/index.d.ts'
[16:06:33.028] Adding entry into typings cache: 'webpack-dev-server' => '/home/robin/.cache/typescript/4.2/node_modules/@types/webpack-dev-server/index.d.ts'
[16:06:33.030] Adding entry into typings cache: 'webpack-manifest-plugin' => '/home/robin/.cache/typescript/4.2/node_modules/@types/webpack-manifest-plugin/index.d.ts'
[16:06:33.033] Adding entry into typings cache: 'webpack-sources' => '/home/robin/.cache/typescript/4.2/node_modules/@types/webpack-sources/index.d.ts'
[16:06:33.034] Adding entry into typings cache: 'whatwg-encoding' => '/home/robin/.cache/typescript/4.2/node_modules/@types/whatwg-encoding/index.d.ts'
[16:06:33.035] Adding entry into typings cache: 'whatwg-mimetype' => '/home/robin/.cache/typescript/4.2/node_modules/@types/whatwg-mimetype/index.d.ts'
[16:06:33.035] Adding entry into typings cache: 'whatwg-url' => '/home/robin/.cache/typescript/4.2/node_modules/@types/whatwg-url/index.d.ts'
[16:06:33.036] Adding entry into typings cache: 'which' => '/home/robin/.cache/typescript/4.2/node_modules/@types/which/index.d.ts'
[16:06:33.037] Adding entry into typings cache: 'workbox-build' => '/home/robin/.cache/typescript/4.2/node_modules/@types/workbox-build/index.d.ts'
[16:06:33.037] Adding entry into typings cache: 'workbox-sw' => '/home/robin/.cache/typescript/4.2/node_modules/@types/workbox-sw/index.d.ts'
[16:06:33.041] Adding entry into typings cache: 'workbox-webpack-plugin' => '/home/robin/.cache/typescript/4.2/node_modules/@types/workbox-webpack-plugin/index.d.ts'
[16:06:33.042] Adding entry into typings cache: 'wrap-ansi' => '/home/robin/.cache/typescript/4.2/node_modules/@types/wrap-ansi/index.d.ts'
[16:06:33.043] Adding entry into typings cache: 'write-file-atomic' => '/home/robin/.cache/typescript/4.2/node_modules/@types/write-file-atomic/index.d.ts'
[16:06:33.044] Adding entry into typings cache: 'ws' => '/home/robin/.cache/typescript/4.2/node_modules/@types/ws/index.d.ts'
[16:06:33.045] Adding entry into typings cache: 'xtend' => '/home/robin/.cache/typescript/4.2/node_modules/@types/xtend/index.d.ts'
[16:06:33.045] Adding entry into typings cache: 'y18n' => '/home/robin/.cache/typescript/4.2/node_modules/@types/y18n/index.d.ts'
[16:06:33.046] Adding entry into typings cache: 'yallist' => '/home/robin/.cache/typescript/4.2/node_modules/@types/yallist/index.d.ts'
[16:06:33.047] Adding entry into typings cache: 'yargs' => '/home/robin/.cache/typescript/4.2/node_modules/@types/yargs/index.d.ts'
[16:06:33.048] Adding entry into typings cache: 'yargs-parser' => '/home/robin/.cache/typescript/4.2/node_modules/@types/yargs-parser/index.d.ts'
[16:06:33.048] Finished processing cache location '/home/robin/.cache/typescript/4.2'
[16:06:33.048] Process id: 231072
[16:06:33.048] NPM location: /usr/bin/npm (explicit '--npmLocation' not  provided)
[16:06:33.048] validateDefaultNpmLocation: false
[16:06:33.049] Npm config file: /home/robin/.cache/typescript/4.2/package.json
[16:06:33.049] Updating types-registry npm package...
[16:06:33.049] Exec: /usr/bin/npm install --ignore-scripts types-registry@latest
[16:07:09.977]     Succeeded. stdout:
    
    up to date in 37s

19 packages are looking for funding
  run `npm fund` for details

[16:07:09.977] Updated types-registry npm package
[16:07:10.006] Got install request {"projectName":"/dev/null/inferredProject1*","fileNames":["/home/robin/.config/yarn/global/node_modules/typescript/lib/lib.es5.d.ts","/home/robin/.config/yarn/global/node_modules/typescript/lib/lib.es2015.d.ts","/home/robin/.config/yarn/global/node_modules/typescript/lib/lib.es2016.d.ts","/home/robin/.config/yarn/global/node_modules/typescript/lib/lib.dom.d.ts","/home/robin/.config/yarn/global/node_modules/typescript/lib/lib.dom.iterable.d.ts","/home/robin/.config/yarn/global/node_modules/typescript/lib/lib.webworker.importscripts.d.ts","/home/robin/.config/yarn/global/node_modules/typescript/lib/lib.scripthost.d.ts","/home/robin/.config/yarn/global/node_modules/typescript/lib/lib.es2015.core.d.ts","/home/robin/.config/yarn/global/node_modules/typescript/lib/lib.es2015.collection.d.ts","/home/robin/.config/yarn/global/node_modules/typescript/lib/lib.es2015.generator.d.ts","/home/robin/.config/yarn/global/node_modules/typescript/lib/lib.es2015.iterable.d.ts","/home/robin/.config/yarn/global/node_modules/typescript/lib/lib.es2015.promise.d.ts","/home/robin/.config/yarn/global/node_modules/typescript/lib/lib.es2015.proxy.d.ts","/home/robin/.config/yarn/global/node_modules/typescript/lib/lib.es2015.reflect.d.ts","/home/robin/.config/yarn/global/node_modules/typescript/lib/lib.es2015.symbol.d.ts","/home/robin/.config/yarn/global/node_modules/typescript/lib/lib.es2015.symbol.wellknown.d.ts","/home/robin/.config/yarn/global/node_modules/typescript/lib/lib.es2016.array.include.d.ts","/home/robin/.config/yarn/global/node_modules/typescript/lib/lib.es2016.full.d.ts","/run/media/robin/Learning/Development/web/Programming-Hero/Projects/assignment-11/server/index.js"],"compilerOptions":{"module":1,"target":3,"jsx":1,"allowJs":true,"allowSyntheticDefaultImports":true,"allowNonTsExtensions":true,"noEmitForJsFiles":true,"maxNodeModuleJsDepth":2},"typeAcquisition":{"enable":true,"include":[],"exclude":[]},"unresolvedImports":[],"projectRootPath":"/run/media/robin/Learning/Development/web/Programming-Hero/Projects/assignment-11/server","kind":"discover"}
[16:07:10.013] Loaded safelist from types map file '/home/robin/.config/yarn/global/node_modules/typescript/lib/typesMap.json'
[16:07:10.014] Explicitly included types: []
[16:07:10.015] Typing names in '/run/media/robin/Learning/Development/web/Programming-Hero/Projects/assignment-11/server/package.json' dependencies: []
[16:07:10.017] Inferred typings from unresolved imports: []
[16:07:10.018] Result: {"cachedTypingPaths":[],"newTypingNames":[],"filesToWatch":["/run/media/robin/Learning/Development/web/Programming-Hero/Projects/assignment-11/server/package.json","/run/media/robin/Learning/Development/web/Programming-Hero/Projects/assignment-11/server/bower_components","/run/media/robin/Learning/Development/web/Programming-Hero/Projects/assignment-11/server/node_modules"]}
[16:07:10.018] Finished typings discovery: {"cachedTypingPaths":[],"newTypingNames":[],"filesToWatch":["/run/media/robin/Learning/Development/web/Programming-Hero/Projects/assignment-11/server/package.json","/run/media/robin/Learning/Development/web/Programming-Hero/Projects/assignment-11/server/bower_components","/run/media/robin/Learning/Development/web/Programming-Hero/Projects/assignment-11/server/node_modules"]}
[16:07:10.019] FileWatcher:: Added:: WatchInfo: /run/media/robin/Learning/Development/web/Programming-Hero/Projects/assignment-11/server/package.json
[16:07:10.020] FileWatcher:: Added:: WatchInfo: /run/media/robin/Learning/Development/web/Programming-Hero/Projects/assignment-11/server/package.json 2000 undefined Project: /dev/null/inferredProject1* watcher already invoked: false
[16:07:10.021] DirectoryWatcher:: Added:: WatchInfo: /run/media/robin/Learning/Development/web/Programming-Hero/Projects/assignment-11/server/bower_components
[16:07:10.022] DirectoryWatcher:: Added:: WatchInfo: /run/media/robin/Learning/Development/web/Programming-Hero/Projects/assignment-11/server/bower_components 1 undefined Project: /dev/null/inferredProject1* watcher already invoked: false
[16:07:10.023] Elapsed:: 1.1496560000814497ms DirectoryWatcher:: Added:: WatchInfo: /run/media/robin/Learning/Development/web/Programming-Hero/Projects/assignment-11/server/bower_components 1 undefined Project: /dev/null/inferredProject1* watcher already invoked: false
[16:07:10.023] DirectoryWatcher:: Added:: WatchInfo: /run/media/robin/Learning/Development/web/Programming-Hero/Projects/assignment-11/server/node_modules
[16:07:10.023] DirectoryWatcher:: Added:: WatchInfo: /run/media/robin/Learning/Development/web/Programming-Hero/Projects/assignment-11/server/node_modules 1 undefined Project: /dev/null/inferredProject1* watcher already invoked: false
[16:07:10.024] Elapsed:: 0.22866900032386184ms DirectoryWatcher:: Added:: WatchInfo: /run/media/robin/Learning/Development/web/Programming-Hero/Projects/assignment-11/server/node_modules 1 undefined Project: /dev/null/inferredProject1* watcher already invoked: false
[16:07:10.024] Sending response:
    {"projectName":"/dev/null/inferredProject1*","typeAcquisition":{"enable":true,"include":[],"exclude":[]},"compilerOptions":{"module":1,"target":3,"jsx":1,"allowJs":true,"allowSyntheticDefaultImports":true,"allowNonTsExtensions":true,"noEmitForJsFiles":true,"maxNodeModuleJsDepth":2},"typings":[],"unresolvedImports":[],"kind":"action::set"}
[16:07:10.025] Response has been sent.
[16:07:10.025] No new typings were requested as a result of typings discovery
